<?xml version="1.0" encoding="utf-8"?>
<CoverageSession xmlns:xsd="http://www.w3.org/2001/XMLSchema" xmlns:xsi="http://www.w3.org/2001/XMLSchema-instance">
  <Summary numSequencePoints="824" visitedSequencePoints="703" numBranchPoints="206" visitedBranchPoints="155" sequenceCoverage="85.32" branchCoverage="75.24" maxCyclomaticComplexity="28" minCyclomaticComplexity="1" visitedClasses="13" numClasses="13" visitedMethods="64" numMethods="76" />
  <Modules>
    <Module skippedDueTo="Filter" hash="36-D8-86-2E-D9-DF-4D-76-6E-C4-1A-AD-30-D5-94-11-A3-E7-D1-C5">
      <ModulePath>C:\Windows\Microsoft.Net\assembly\GAC_32\mscorlib\v4.0_4.0.0.0__b77a5c561934e089\mscorlib.dll</ModulePath>
      <ModuleTime>2018-03-20T19:49:36Z</ModuleTime>
      <ModuleName>mscorlib</ModuleName>
      <Classes />
    </Module>
    <Module hash="20-49-23-AC-1B-F8-06-10-30-2C-29-70-73-71-9E-21-3E-85-FD-10">
      <Summary numSequencePoints="824" visitedSequencePoints="703" numBranchPoints="206" visitedBranchPoints="155" sequenceCoverage="85.32" branchCoverage="75.24" maxCyclomaticComplexity="28" minCyclomaticComplexity="1" visitedClasses="13" numClasses="13" visitedMethods="64" numMethods="76" />
      <ModulePath>C:\Users\Milan\Desktop\Fax\RESProjekat\RESProjekat\bin\Debug\RESProjekat.exe</ModulePath>
      <ModuleTime>2018-06-04T15:50:36.0666539Z</ModuleTime>
      <ModuleName>RESProjekat</ModuleName>
      <Files>
        <File uid="1" fullPath="C:\Users\Milan\Desktop\Fax\RESProjekat\RESProjekat\Logger.cs" />
        <File uid="2" fullPath="C:\Users\Milan\Desktop\Fax\RESProjekat\RESProjekat\Data\Podatak.cs" />
        <File uid="3" fullPath="C:\Users\Milan\Desktop\Fax\RESProjekat\RESProjekat\Program.cs" />
        <File uid="5" fullPath="C:\Users\Milan\Desktop\Fax\RESProjekat\RESProjekat\ReaderCACD.cs" />
        <File uid="6" fullPath="C:\Users\Milan\Desktop\Fax\RESProjekat\RESProjekat\ReaderCCCL.cs" />
        <File uid="7" fullPath="C:\Users\Milan\Desktop\Fax\RESProjekat\RESProjekat\ReaderCCCS.cs" />
        <File uid="8" fullPath="C:\Users\Milan\Desktop\Fax\RESProjekat\RESProjekat\ReaderCSCM.cs" />
        <File uid="9" fullPath="C:\Users\Milan\Desktop\Fax\RESProjekat\RESProjekat\ReplicatorReceiver.cs" />
        <File uid="10" fullPath="C:\Users\Milan\Desktop\Fax\RESProjekat\RESProjekat\ReplicatorSender.cs" />
        <File uid="11" fullPath="C:\Users\Milan\Desktop\Fax\RESProjekat\RESProjekat\Writer.cs" />
        <File uid="12" fullPath="C:\Users\Milan\Desktop\Fax\RESProjekat\RESProjekat\Data\CollectionDescription.cs" />
        <File uid="13" fullPath="C:\Users\Milan\Desktop\Fax\RESProjekat\RESProjekat\Data\HistoricalCollection.cs" />
      </Files>
      <Classes>
        <Class>
          <Summary numSequencePoints="0" visitedSequencePoints="0" numBranchPoints="0" visitedBranchPoints="0" sequenceCoverage="0" branchCoverage="0" maxCyclomaticComplexity="0" minCyclomaticComplexity="0" visitedClasses="0" numClasses="0" visitedMethods="0" numMethods="0" />
          <FullName>&lt;Module&gt;</FullName>
          <Methods />
        </Class>
        <Class>
          <Summary numSequencePoints="25" visitedSequencePoints="20" numBranchPoints="6" visitedBranchPoints="5" sequenceCoverage="80" branchCoverage="83.33" maxCyclomaticComplexity="4" minCyclomaticComplexity="1" visitedClasses="1" numClasses="1" visitedMethods="4" numMethods="4" />
          <FullName>RESProjekat.Logger</FullName>
          <Methods>
            <Method visited="true" cyclomaticComplexity="1" nPathComplexity="0" sequenceCoverage="100" branchCoverage="100" isConstructor="false" isStatic="false" isGetter="true" isSetter="false">
              <Summary numSequencePoints="1" visitedSequencePoints="1" numBranchPoints="1" visitedBranchPoints="1" sequenceCoverage="100" branchCoverage="100" maxCyclomaticComplexity="1" minCyclomaticComplexity="1" visitedClasses="0" numClasses="0" visitedMethods="1" numMethods="1" />
              <MetadataToken>100663298</MetadataToken>
              <Name>System.String RESProjekat.Logger::get_File()</Name>
              <FileRef uid="1" />
              <SequencePoints>
                <SequencePoint vc="2032" uspid="1" ordinal="0" offset="0" sl="20" sc="37" el="20" ec="41" bec="0" bev="0" fileid="1" />
              </SequencePoints>
              <BranchPoints />
              <MethodPoint xsi:type="SequencePoint" vc="2032" uspid="1" ordinal="0" offset="0" sl="20" sc="37" el="20" ec="41" bec="0" bev="0" fileid="1" />
            </Method>
            <Method visited="true" cyclomaticComplexity="1" nPathComplexity="0" sequenceCoverage="100" branchCoverage="100" isConstructor="false" isStatic="false" isGetter="false" isSetter="true">
              <Summary numSequencePoints="1" visitedSequencePoints="1" numBranchPoints="1" visitedBranchPoints="1" sequenceCoverage="100" branchCoverage="100" maxCyclomaticComplexity="1" minCyclomaticComplexity="1" visitedClasses="0" numClasses="0" visitedMethods="1" numMethods="1" />
              <MetadataToken>100663299</MetadataToken>
              <Name>System.Void RESProjekat.Logger::set_File(System.String)</Name>
              <FileRef uid="1" />
              <SequencePoints>
                <SequencePoint vc="1" uspid="2" ordinal="0" offset="0" sl="20" sc="50" el="20" ec="62" bec="0" bev="0" fileid="1" />
              </SequencePoints>
              <BranchPoints />
              <MethodPoint xsi:type="SequencePoint" vc="1" uspid="2" ordinal="0" offset="0" sl="20" sc="50" el="20" ec="62" bec="0" bev="0" fileid="1" />
            </Method>
            <Method visited="true" cyclomaticComplexity="1" nPathComplexity="0" sequenceCoverage="100" branchCoverage="100" isConstructor="true" isStatic="false" isGetter="false" isSetter="false">
              <Summary numSequencePoints="6" visitedSequencePoints="6" numBranchPoints="1" visitedBranchPoints="1" sequenceCoverage="100" branchCoverage="100" maxCyclomaticComplexity="1" minCyclomaticComplexity="1" visitedClasses="0" numClasses="0" visitedMethods="1" numMethods="1" />
              <MetadataToken>100663297</MetadataToken>
              <Name>System.Void RESProjekat.Logger::.ctor()</Name>
              <FileRef uid="1" />
              <SequencePoints>
                <SequencePoint vc="1" uspid="3" ordinal="0" offset="0" sl="12" sc="9" el="12" ec="42" bec="0" bev="0" fileid="1" />
                <SequencePoint vc="1" uspid="4" ordinal="1" offset="11" sl="13" sc="9" el="13" ec="142" bec="0" bev="0" fileid="1" />
                <SequencePoint vc="1" uspid="5" ordinal="2" offset="37" sl="15" sc="9" el="15" ec="24" bec="0" bev="0" fileid="1" />
                <SequencePoint vc="1" uspid="6" ordinal="3" offset="44" sl="16" sc="9" el="16" ec="10" bec="0" bev="0" fileid="1" />
                <SequencePoint vc="1" uspid="7" ordinal="4" offset="45" sl="17" sc="13" el="17" ec="62" bec="0" bev="0" fileid="1" />
                <SequencePoint vc="1" uspid="8" ordinal="5" offset="68" sl="18" sc="9" el="18" ec="10" bec="0" bev="0" fileid="1" />
              </SequencePoints>
              <BranchPoints />
              <MethodPoint xsi:type="SequencePoint" vc="1" uspid="3" ordinal="0" offset="0" sl="12" sc="9" el="12" ec="42" bec="0" bev="0" fileid="1" />
            </Method>
            <Method visited="true" cyclomaticComplexity="4" nPathComplexity="2" sequenceCoverage="70.59" branchCoverage="66.67" isConstructor="false" isStatic="false" isGetter="false" isSetter="false">
              <Summary numSequencePoints="17" visitedSequencePoints="12" numBranchPoints="3" visitedBranchPoints="2" sequenceCoverage="70.59" branchCoverage="66.67" maxCyclomaticComplexity="4" minCyclomaticComplexity="4" visitedClasses="0" numClasses="0" visitedMethods="1" numMethods="1" />
              <MetadataToken>100663300</MetadataToken>
              <Name>System.Void RESProjekat.Logger::Upisi(System.String)</Name>
              <FileRef uid="1" />
              <SequencePoints>
                <SequencePoint vc="1016" uspid="9" ordinal="0" offset="0" sl="23" sc="9" el="23" ec="10" bec="0" bev="0" fileid="1" />
                <SequencePoint vc="1016" uspid="10" ordinal="1" offset="1" sl="24" sc="13" el="24" ec="23" bec="0" bev="0" fileid="1" />
                <SequencePoint vc="1016" uspid="11" ordinal="2" offset="19" sl="25" sc="13" el="25" ec="14" bec="0" bev="0" fileid="1" />
                <SequencePoint vc="1016" uspid="12" ordinal="3" offset="20" sl="26" sc="17" el="26" ec="49" bec="2" bev="1" fileid="1" />
                <SequencePoint vc="1016" uspid="13" ordinal="4" offset="35" sl="27" sc="17" el="27" ec="18" bec="0" bev="0" fileid="1" />
                <SequencePoint vc="1016" uspid="14" ordinal="5" offset="36" sl="28" sc="28" el="28" ec="77" bec="0" bev="0" fileid="1" />
                <SequencePoint vc="1016" uspid="15" ordinal="6" offset="48" sl="29" sc="21" el="29" ec="22" bec="0" bev="0" fileid="1" />
                <SequencePoint vc="1016" uspid="16" ordinal="7" offset="49" sl="30" sc="25" el="30" ec="41" bec="0" bev="0" fileid="1" />
                <SequencePoint vc="1016" uspid="17" ordinal="8" offset="57" sl="31" sc="21" el="31" ec="22" bec="0" bev="0" fileid="1" />
                <SequencePoint vc="1016" uspid="18" ordinal="9" offset="71" sl="32" sc="17" el="32" ec="18" bec="0" bev="0" fileid="1" />
                <SequencePoint vc="0" uspid="19" ordinal="10" offset="74" sl="34" sc="17" el="34" ec="18" bec="0" bev="0" fileid="1" />
                <SequencePoint vc="0" uspid="20" ordinal="11" offset="75" sl="36" sc="21" el="36" ec="62" bec="0" bev="0" fileid="1" />
                <SequencePoint vc="0" uspid="21" ordinal="12" offset="88" sl="39" sc="21" el="39" ec="37" bec="0" bev="0" fileid="1" />
                <SequencePoint vc="0" uspid="22" ordinal="13" offset="97" sl="42" sc="21" el="42" ec="32" bec="0" bev="0" fileid="1" />
                <SequencePoint vc="0" uspid="23" ordinal="14" offset="105" sl="43" sc="17" el="43" ec="18" bec="0" bev="0" fileid="1" />
                <SequencePoint vc="1016" uspid="24" ordinal="15" offset="106" sl="44" sc="13" el="44" ec="14" bec="0" bev="0" fileid="1" />
                <SequencePoint vc="1016" uspid="25" ordinal="16" offset="120" sl="45" sc="9" el="45" ec="10" bec="0" bev="0" fileid="1" />
              </SequencePoints>
              <BranchPoints>
                <BranchPoint vc="1016" uspid="26" ordinal="0" offset="33" sl="26" path="0" offsetend="35" fileid="1" />
                <BranchPoint vc="0" uspid="27" ordinal="1" offset="33" sl="26" path="1" offsetend="74" fileid="1" />
              </BranchPoints>
              <MethodPoint xsi:type="SequencePoint" vc="1016" uspid="9" ordinal="0" offset="0" sl="23" sc="9" el="23" ec="10" bec="0" bev="0" fileid="1" />
            </Method>
          </Methods>
        </Class>
        <Class>
          <Summary numSequencePoints="8" visitedSequencePoints="8" numBranchPoints="5" visitedBranchPoints="5" sequenceCoverage="100" branchCoverage="100" maxCyclomaticComplexity="1" minCyclomaticComplexity="1" visitedClasses="1" numClasses="1" visitedMethods="5" numMethods="5" />
          <FullName>RESProjekat.Podatak</FullName>
          <Methods>
            <Method visited="true" cyclomaticComplexity="1" nPathComplexity="0" sequenceCoverage="100" branchCoverage="100" isConstructor="false" isStatic="false" isGetter="true" isSetter="false">
              <Summary numSequencePoints="1" visitedSequencePoints="1" numBranchPoints="1" visitedBranchPoints="1" sequenceCoverage="100" branchCoverage="100" maxCyclomaticComplexity="1" minCyclomaticComplexity="1" visitedClasses="0" numClasses="0" visitedMethods="1" numMethods="1" />
              <MetadataToken>100663302</MetadataToken>
              <Name>RESProjekat.Data.Code/CodeSpisak RESProjekat.Podatak::get_Code()</Name>
              <FileRef uid="2" />
              <SequencePoints>
                <SequencePoint vc="8831" uspid="28" ordinal="0" offset="0" sl="21" sc="46" el="21" ec="50" bec="0" bev="0" fileid="2" />
              </SequencePoints>
              <BranchPoints />
              <MethodPoint xsi:type="SequencePoint" vc="8831" uspid="28" ordinal="0" offset="0" sl="21" sc="46" el="21" ec="50" bec="0" bev="0" fileid="2" />
            </Method>
            <Method visited="true" cyclomaticComplexity="1" nPathComplexity="0" sequenceCoverage="100" branchCoverage="100" isConstructor="false" isStatic="false" isGetter="false" isSetter="true">
              <Summary numSequencePoints="1" visitedSequencePoints="1" numBranchPoints="1" visitedBranchPoints="1" sequenceCoverage="100" branchCoverage="100" maxCyclomaticComplexity="1" minCyclomaticComplexity="1" visitedClasses="0" numClasses="0" visitedMethods="1" numMethods="1" />
              <MetadataToken>100663303</MetadataToken>
              <Name>System.Void RESProjekat.Podatak::set_Code(RESProjekat.Data.Code/CodeSpisak)</Name>
              <FileRef uid="2" />
              <SequencePoints>
                <SequencePoint vc="93" uspid="29" ordinal="0" offset="0" sl="21" sc="59" el="21" ec="71" bec="0" bev="0" fileid="2" />
              </SequencePoints>
              <BranchPoints />
              <MethodPoint xsi:type="SequencePoint" vc="93" uspid="29" ordinal="0" offset="0" sl="21" sc="59" el="21" ec="71" bec="0" bev="0" fileid="2" />
            </Method>
            <Method visited="true" cyclomaticComplexity="1" nPathComplexity="0" sequenceCoverage="100" branchCoverage="100" isConstructor="false" isStatic="false" isGetter="true" isSetter="false">
              <Summary numSequencePoints="1" visitedSequencePoints="1" numBranchPoints="1" visitedBranchPoints="1" sequenceCoverage="100" branchCoverage="100" maxCyclomaticComplexity="1" minCyclomaticComplexity="1" visitedClasses="0" numClasses="0" visitedMethods="1" numMethods="1" />
              <MetadataToken>100663304</MetadataToken>
              <Name>System.Int32 RESProjekat.Podatak::get_Value()</Name>
              <FileRef uid="2" />
              <SequencePoints>
                <SequencePoint vc="1029" uspid="30" ordinal="0" offset="0" sl="22" sc="35" el="22" ec="40" bec="0" bev="0" fileid="2" />
              </SequencePoints>
              <BranchPoints />
              <MethodPoint xsi:type="SequencePoint" vc="1029" uspid="30" ordinal="0" offset="0" sl="22" sc="35" el="22" ec="40" bec="0" bev="0" fileid="2" />
            </Method>
            <Method visited="true" cyclomaticComplexity="1" nPathComplexity="0" sequenceCoverage="100" branchCoverage="100" isConstructor="false" isStatic="false" isGetter="false" isSetter="true">
              <Summary numSequencePoints="1" visitedSequencePoints="1" numBranchPoints="1" visitedBranchPoints="1" sequenceCoverage="100" branchCoverage="100" maxCyclomaticComplexity="1" minCyclomaticComplexity="1" visitedClasses="0" numClasses="0" visitedMethods="1" numMethods="1" />
              <MetadataToken>100663305</MetadataToken>
              <Name>System.Void RESProjekat.Podatak::set_Value(System.Int32)</Name>
              <FileRef uid="2" />
              <SequencePoints>
                <SequencePoint vc="93" uspid="31" ordinal="0" offset="0" sl="22" sc="49" el="22" ec="67" bec="0" bev="0" fileid="2" />
              </SequencePoints>
              <BranchPoints />
              <MethodPoint xsi:type="SequencePoint" vc="93" uspid="31" ordinal="0" offset="0" sl="22" sc="49" el="22" ec="67" bec="0" bev="0" fileid="2" />
            </Method>
            <Method visited="true" cyclomaticComplexity="1" nPathComplexity="0" sequenceCoverage="100" branchCoverage="100" isConstructor="true" isStatic="false" isGetter="false" isSetter="false">
              <Summary numSequencePoints="4" visitedSequencePoints="4" numBranchPoints="1" visitedBranchPoints="1" sequenceCoverage="100" branchCoverage="100" maxCyclomaticComplexity="1" minCyclomaticComplexity="1" visitedClasses="0" numClasses="0" visitedMethods="1" numMethods="1" />
              <MetadataToken>100663301</MetadataToken>
              <Name>System.Void RESProjekat.Podatak::.ctor(RESProjekat.Data.Code/CodeSpisak,System.Int32)</Name>
              <FileRef uid="2" />
              <SequencePoints>
                <SequencePoint vc="20" uspid="32" ordinal="0" offset="0" sl="17" sc="9" el="17" ec="10" bec="0" bev="0" fileid="2" />
                <SequencePoint vc="20" uspid="33" ordinal="1" offset="1" sl="18" sc="13" el="18" ec="22" bec="0" bev="0" fileid="2" />
                <SequencePoint vc="20" uspid="34" ordinal="2" offset="8" sl="19" sc="13" el="19" ec="23" bec="0" bev="0" fileid="2" />
                <SequencePoint vc="20" uspid="35" ordinal="3" offset="15" sl="20" sc="9" el="20" ec="10" bec="0" bev="0" fileid="2" />
              </SequencePoints>
              <BranchPoints />
              <MethodPoint xsi:type="SequencePoint" vc="20" uspid="32" ordinal="0" offset="0" sl="17" sc="9" el="17" ec="10" bec="0" bev="0" fileid="2" />
            </Method>
          </Methods>
        </Class>
        <Class>
          <Summary numSequencePoints="100" visitedSequencePoints="98" numBranchPoints="34" visitedBranchPoints="18" sequenceCoverage="98" branchCoverage="52.94" maxCyclomaticComplexity="28" minCyclomaticComplexity="1" visitedClasses="1" numClasses="1" visitedMethods="2" numMethods="2" />
          <FullName>RESProjekat.Program</FullName>
          <Methods>
            <Method visited="true" cyclomaticComplexity="28" nPathComplexity="65536" sequenceCoverage="97.98" branchCoverage="51.52" isConstructor="false" isStatic="true" isGetter="false" isSetter="false">
              <Summary numSequencePoints="99" visitedSequencePoints="97" numBranchPoints="33" visitedBranchPoints="17" sequenceCoverage="97.98" branchCoverage="51.52" maxCyclomaticComplexity="28" minCyclomaticComplexity="28" visitedClasses="0" numClasses="0" visitedMethods="1" numMethods="1" />
              <MetadataToken>100663306</MetadataToken>
              <Name>System.Void RESProjekat.Program::Main(System.String[])</Name>
              <FileRef uid="3" />
              <SequencePoints>
                <SequencePoint vc="1" uspid="36" ordinal="0" offset="6" sl="15" sc="9" el="15" ec="10" bec="0" bev="0" fileid="3" />
                <SequencePoint vc="1" uspid="37" ordinal="1" offset="7" sl="16" sc="13" el="16" ec="37" bec="0" bev="0" fileid="3" />
                <SequencePoint vc="1" uspid="38" ordinal="2" offset="18" sl="17" sc="13" el="17" ec="39" bec="0" bev="0" fileid="3" />
                <SequencePoint vc="1" uspid="39" ordinal="3" offset="30" sl="18" sc="13" el="18" ec="37" bec="0" bev="0" fileid="3" />
                <SequencePoint vc="1" uspid="40" ordinal="4" offset="41" sl="19" sc="13" el="19" ec="58" bec="0" bev="0" fileid="3" />
                <SequencePoint vc="1" uspid="41" ordinal="5" offset="52" sl="20" sc="13" el="20" ec="62" bec="0" bev="0" fileid="3" />
                <SequencePoint vc="1" uspid="42" ordinal="6" offset="63" sl="21" sc="13" el="21" ec="49" bec="0" bev="0" fileid="3" />
                <SequencePoint vc="1" uspid="43" ordinal="7" offset="74" sl="22" sc="13" el="22" ec="49" bec="0" bev="0" fileid="3" />
                <SequencePoint vc="1" uspid="44" ordinal="8" offset="85" sl="23" sc="13" el="23" ec="49" bec="0" bev="0" fileid="3" />
                <SequencePoint vc="1" uspid="45" ordinal="9" offset="96" sl="24" sc="13" el="24" ec="49" bec="0" bev="0" fileid="3" />
                <SequencePoint vc="1" uspid="46" ordinal="10" offset="107" sl="27" sc="13" el="53" ec="16" bec="0" bev="0" fileid="3" />
                <SequencePoint vc="1" uspid="47" ordinal="11" offset="125" sl="54" sc="13" el="54" ec="36" bec="0" bev="0" fileid="3" />
                <SequencePoint vc="1" uspid="48" ordinal="12" offset="133" sl="55" sc="13" el="55" ec="24" bec="0" bev="0" fileid="3" />
                <SequencePoint vc="10" uspid="49" ordinal="13" offset="145" sl="114" sc="13" el="114" ec="14" bec="0" bev="0" fileid="3" />
                <SequencePoint vc="10" uspid="50" ordinal="14" offset="146" sl="115" sc="17" el="115" ec="73" bec="0" bev="0" fileid="3" />
                <SequencePoint vc="10" uspid="51" ordinal="15" offset="152" sl="116" sc="17" el="116" ec="71" bec="0" bev="0" fileid="3" />
                <SequencePoint vc="10" uspid="52" ordinal="16" offset="158" sl="117" sc="17" el="117" ec="103" bec="0" bev="0" fileid="3" />
                <SequencePoint vc="10" uspid="53" ordinal="17" offset="185" sl="118" sc="17" el="118" ec="58" bec="0" bev="0" fileid="3" />
                <SequencePoint vc="10" uspid="54" ordinal="18" offset="193" sl="119" sc="17" el="119" ec="30" bec="0" bev="0" fileid="3" />
                <SequencePoint vc="10" uspid="55" ordinal="19" offset="201" sl="120" sc="17" el="120" ec="28" bec="0" bev="0" fileid="3" />
                <SequencePoint vc="10" uspid="56" ordinal="20" offset="209" sl="121" sc="17" el="121" ec="73" bec="0" bev="0" fileid="3" />
                <SequencePoint vc="10" uspid="57" ordinal="21" offset="216" sl="122" sc="17" el="122" ec="71" bec="0" bev="0" fileid="3" />
                <SequencePoint vc="10" uspid="58" ordinal="22" offset="223" sl="123" sc="17" el="123" ec="104" bec="0" bev="0" fileid="3" />
                <SequencePoint vc="10" uspid="59" ordinal="23" offset="251" sl="124" sc="17" el="124" ec="58" bec="0" bev="0" fileid="3" />
                <SequencePoint vc="10" uspid="60" ordinal="24" offset="260" sl="125" sc="17" el="125" ec="30" bec="0" bev="0" fileid="3" />
                <SequencePoint vc="10" uspid="61" ordinal="25" offset="270" sl="126" sc="17" el="126" ec="28" bec="0" bev="0" fileid="3" />
                <SequencePoint vc="10" uspid="62" ordinal="26" offset="279" sl="127" sc="17" el="127" ec="58" bec="0" bev="0" fileid="3" />
                <SequencePoint vc="10" uspid="63" ordinal="27" offset="290" sl="128" sc="17" el="128" ec="57" bec="0" bev="0" fileid="3" />
                <SequencePoint vc="10" uspid="64" ordinal="28" offset="301" sl="129" sc="17" el="129" ec="46" bec="0" bev="0" fileid="3" />
                <SequencePoint vc="10" uspid="65" ordinal="29" offset="312" sl="130" sc="17" el="130" ec="49" bec="0" bev="0" fileid="3" />
                <SequencePoint vc="10" uspid="66" ordinal="30" offset="319" sl="131" sc="17" el="131" ec="32" bec="2" bev="2" fileid="3" />
                <SequencePoint vc="8" uspid="67" ordinal="31" offset="340" sl="132" sc="17" el="132" ec="18" bec="0" bev="0" fileid="3" />
                <SequencePoint vc="8" uspid="68" ordinal="32" offset="341" sl="134" sc="21" el="134" ec="31" bec="0" bev="0" fileid="3" />
                <SequencePoint vc="8" uspid="69" ordinal="33" offset="361" sl="135" sc="21" el="135" ec="22" bec="0" bev="0" fileid="3" />
                <SequencePoint vc="8" uspid="70" ordinal="34" offset="362" sl="136" sc="25" el="136" ec="64" bec="0" bev="0" fileid="3" />
                <SequencePoint vc="8" uspid="71" ordinal="35" offset="373" sl="137" sc="25" el="137" ec="55" bec="0" bev="0" fileid="3" />
                <SequencePoint vc="8" uspid="72" ordinal="36" offset="380" sl="139" sc="25" el="139" ec="54" bec="0" bev="0" fileid="3" />
                <SequencePoint vc="8" uspid="73" ordinal="37" offset="399" sl="141" sc="25" el="141" ec="63" bec="0" bev="0" fileid="3" />
                <SequencePoint vc="8" uspid="74" ordinal="38" offset="410" sl="142" sc="25" el="142" ec="63" bec="0" bev="0" fileid="3" />
                <SequencePoint vc="8" uspid="75" ordinal="39" offset="421" sl="143" sc="25" el="143" ec="64" bec="0" bev="0" fileid="3" />
                <SequencePoint vc="8" uspid="76" ordinal="40" offset="432" sl="144" sc="25" el="144" ec="63" bec="0" bev="0" fileid="3" />
                <SequencePoint vc="8" uspid="77" ordinal="41" offset="443" sl="145" sc="25" el="145" ec="65" bec="0" bev="0" fileid="3" />
                <SequencePoint vc="8" uspid="78" ordinal="42" offset="454" sl="146" sc="25" el="146" ec="66" bec="0" bev="0" fileid="3" />
                <SequencePoint vc="8" uspid="79" ordinal="43" offset="465" sl="147" sc="25" el="147" ec="69" bec="0" bev="0" fileid="3" />
                <SequencePoint vc="8" uspid="80" ordinal="44" offset="476" sl="148" sc="25" el="148" ec="65" bec="0" bev="0" fileid="3" />
                <SequencePoint vc="8" uspid="81" ordinal="45" offset="487" sl="149" sc="25" el="149" ec="63" bec="0" bev="0" fileid="3" />
                <SequencePoint vc="8" uspid="82" ordinal="46" offset="498" sl="150" sc="25" el="150" ec="66" bec="0" bev="0" fileid="3" />
                <SequencePoint vc="8" uspid="83" ordinal="47" offset="509" sl="151" sc="25" el="151" ec="48" bec="0" bev="0" fileid="3" />
                <SequencePoint vc="8" uspid="84" ordinal="48" offset="516" sl="153" sc="25" el="153" ec="35" bec="14" bev="11" fileid="3" />
                <SequencePoint vc="1" uspid="85" ordinal="49" offset="874" sl="156" sc="33" el="156" ec="70" bec="0" bev="0" fileid="3" />
                <SequencePoint vc="1" uspid="86" ordinal="50" offset="887" sl="157" sc="33" el="157" ec="39" bec="0" bev="0" fileid="3" />
                <SequencePoint vc="1" uspid="87" ordinal="51" offset="889" sl="159" sc="33" el="159" ec="71" bec="0" bev="0" fileid="3" />
                <SequencePoint vc="1" uspid="88" ordinal="52" offset="902" sl="160" sc="33" el="160" ec="39" bec="0" bev="0" fileid="3" />
                <SequencePoint vc="1" uspid="89" ordinal="53" offset="904" sl="162" sc="33" el="162" ec="70" bec="0" bev="0" fileid="3" />
                <SequencePoint vc="1" uspid="90" ordinal="54" offset="917" sl="163" sc="33" el="163" ec="39" bec="0" bev="0" fileid="3" />
                <SequencePoint vc="1" uspid="91" ordinal="55" offset="919" sl="165" sc="33" el="165" ec="72" bec="0" bev="0" fileid="3" />
                <SequencePoint vc="1" uspid="92" ordinal="56" offset="932" sl="166" sc="33" el="166" ec="39" bec="0" bev="0" fileid="3" />
                <SequencePoint vc="1" uspid="93" ordinal="57" offset="934" sl="168" sc="33" el="168" ec="73" bec="0" bev="0" fileid="3" />
                <SequencePoint vc="1" uspid="94" ordinal="58" offset="947" sl="169" sc="33" el="169" ec="39" bec="0" bev="0" fileid="3" />
                <SequencePoint vc="1" uspid="95" ordinal="59" offset="949" sl="171" sc="33" el="171" ec="76" bec="0" bev="0" fileid="3" />
                <SequencePoint vc="1" uspid="96" ordinal="60" offset="962" sl="172" sc="33" el="172" ec="39" bec="0" bev="0" fileid="3" />
                <SequencePoint vc="1" uspid="97" ordinal="61" offset="964" sl="174" sc="33" el="174" ec="72" bec="0" bev="0" fileid="3" />
                <SequencePoint vc="1" uspid="98" ordinal="62" offset="977" sl="175" sc="33" el="175" ec="39" bec="0" bev="0" fileid="3" />
                <SequencePoint vc="1" uspid="99" ordinal="63" offset="979" sl="177" sc="33" el="177" ec="70" bec="0" bev="0" fileid="3" />
                <SequencePoint vc="1" uspid="100" ordinal="64" offset="992" sl="178" sc="33" el="178" ec="39" bec="0" bev="0" fileid="3" />
                <SequencePoint vc="0" uspid="101" ordinal="65" offset="994" sl="180" sc="33" el="180" ec="40" bec="0" bev="0" fileid="3" />
                <SequencePoint vc="0" uspid="102" ordinal="66" offset="999" sl="182" sc="33" el="182" ec="39" bec="0" bev="0" fileid="3" />
                <SequencePoint vc="8" uspid="103" ordinal="67" offset="1001" sl="184" sc="25" el="184" ec="33" bec="0" bev="0" fileid="3" />
                <SequencePoint vc="8" uspid="104" ordinal="68" offset="1019" sl="185" sc="25" el="185" ec="43" bec="0" bev="0" fileid="3" />
                <SequencePoint vc="8" uspid="105" ordinal="69" offset="1043" sl="186" sc="25" el="186" ec="44" bec="0" bev="0" fileid="3" />
                <SequencePoint vc="8" uspid="106" ordinal="70" offset="1067" sl="187" sc="25" el="187" ec="41" bec="0" bev="0" fileid="3" />
                <SequencePoint vc="8" uspid="107" ordinal="71" offset="1085" sl="188" sc="25" el="188" ec="68" bec="0" bev="0" fileid="3" />
                <SequencePoint vc="8" uspid="108" ordinal="72" offset="1127" sl="189" sc="25" el="189" ec="45" bec="0" bev="0" fileid="3" />
                <SequencePoint vc="8" uspid="109" ordinal="73" offset="1145" sl="190" sc="25" el="190" ec="43" bec="0" bev="0" fileid="3" />
                <SequencePoint vc="8" uspid="110" ordinal="74" offset="1163" sl="191" sc="25" el="191" ec="45" bec="0" bev="0" fileid="3" />
                <SequencePoint vc="8" uspid="111" ordinal="75" offset="1181" sl="192" sc="25" el="192" ec="43" bec="0" bev="0" fileid="3" />
                <SequencePoint vc="8" uspid="112" ordinal="76" offset="1199" sl="193" sc="25" el="193" ec="45" bec="0" bev="0" fileid="3" />
                <SequencePoint vc="8" uspid="113" ordinal="77" offset="1217" sl="194" sc="25" el="194" ec="43" bec="0" bev="0" fileid="3" />
                <SequencePoint vc="8" uspid="114" ordinal="78" offset="1235" sl="195" sc="25" el="195" ec="45" bec="0" bev="0" fileid="3" />
                <SequencePoint vc="8" uspid="115" ordinal="79" offset="1253" sl="196" sc="21" el="196" ec="22" bec="0" bev="0" fileid="3" />
                <SequencePoint vc="8" uspid="116" ordinal="80" offset="1269" sl="198" sc="17" el="198" ec="18" bec="0" bev="0" fileid="3" />
                <SequencePoint vc="2" uspid="117" ordinal="81" offset="1275" sl="199" sc="22" el="199" ec="37" bec="2" bev="2" fileid="3" />
                <SequencePoint vc="1" uspid="118" ordinal="82" offset="1293" sl="200" sc="17" el="200" ec="18" bec="0" bev="0" fileid="3" />
                <SequencePoint vc="1" uspid="119" ordinal="83" offset="1294" sl="201" sc="21" el="201" ec="31" bec="0" bev="0" fileid="3" />
                <SequencePoint vc="1" uspid="120" ordinal="84" offset="1314" sl="202" sc="21" el="202" ec="22" bec="0" bev="0" fileid="3" />
                <SequencePoint vc="1" uspid="121" ordinal="85" offset="1315" sl="203" sc="25" el="203" ec="48" bec="0" bev="0" fileid="3" />
                <SequencePoint vc="1" uspid="122" ordinal="86" offset="1333" sl="204" sc="25" el="204" ec="48" bec="0" bev="0" fileid="3" />
                <SequencePoint vc="1" uspid="123" ordinal="87" offset="1351" sl="205" sc="25" el="205" ec="48" bec="0" bev="0" fileid="3" />
                <SequencePoint vc="1" uspid="124" ordinal="88" offset="1369" sl="206" sc="25" el="206" ec="48" bec="0" bev="0" fileid="3" />
                <SequencePoint vc="1" uspid="125" ordinal="89" offset="1387" sl="207" sc="21" el="207" ec="22" bec="0" bev="0" fileid="3" />
                <SequencePoint vc="1" uspid="126" ordinal="90" offset="1403" sl="208" sc="17" el="208" ec="18" bec="0" bev="0" fileid="3" />
                <SequencePoint vc="1" uspid="127" ordinal="91" offset="1406" sl="209" sc="22" el="209" ec="37" bec="2" bev="1" fileid="3" />
                <SequencePoint vc="1" uspid="128" ordinal="92" offset="1424" sl="210" sc="17" el="210" ec="18" bec="0" bev="0" fileid="3" />
                <SequencePoint vc="1" uspid="129" ordinal="93" offset="1425" sl="211" sc="21" el="211" ec="31" bec="0" bev="0" fileid="3" />
                <SequencePoint vc="1" uspid="130" ordinal="94" offset="1445" sl="212" sc="21" el="212" ec="22" bec="0" bev="0" fileid="3" />
                <SequencePoint vc="1" uspid="131" ordinal="95" offset="1446" sl="213" sc="25" el="213" ec="32" bec="0" bev="0" fileid="3" />
                <SequencePoint vc="9" uspid="132" ordinal="96" offset="1461" sl="216" sc="13" el="216" ec="14" bec="0" bev="0" fileid="3" />
                <SequencePoint vc="10" uspid="133" ordinal="97" offset="1462" sl="113" sc="13" el="113" ec="25" bec="0" bev="0" fileid="3" />
                <SequencePoint vc="1" uspid="134" ordinal="98" offset="1470" sl="217" sc="9" el="217" ec="10" bec="0" bev="0" fileid="3" />
              </SequencePoints>
              <BranchPoints>
                <BranchPoint vc="8" uspid="135" ordinal="0" offset="335" sl="131" path="0" offsetend="340" fileid="3" />
                <BranchPoint vc="2" uspid="136" ordinal="1" offset="335" sl="131" path="1" offsetend="1275" fileid="3" />
                <BranchPoint vc="0" uspid="143" ordinal="8" offset="568" sl="153" path="0" offsetchain="573 999" offsetend="1001" fileid="3" />
                <BranchPoint vc="1" uspid="144" ordinal="9" offset="568" sl="153" path="1" offsetend="751" fileid="3" />
                <BranchPoint vc="0" uspid="147" ordinal="12" offset="599" sl="153" path="0" offsetchain="604 999" offsetend="1001" fileid="3" />
                <BranchPoint vc="1" uspid="148" ordinal="13" offset="599" sl="153" path="1" offsetend="795" fileid="3" />
                <BranchPoint vc="0" uspid="153" ordinal="18" offset="636" sl="153" path="0" offsetchain="638 999" offsetend="1001" fileid="3" />
                <BranchPoint vc="1" uspid="154" ordinal="19" offset="636" sl="153" path="1" offsetend="729" fileid="3" />
                <BranchPoint vc="0" uspid="159" ordinal="24" offset="675" sl="153" path="0" offsetchain="680 999" offsetend="1001" fileid="3" />
                <BranchPoint vc="0" uspid="160" ordinal="25" offset="675" sl="153" path="1" offsetend="858" fileid="3" />
                <BranchPoint vc="0" uspid="161" ordinal="26" offset="697" sl="153" path="0" offsetchain="702 999" offsetend="1001" fileid="3" />
                <BranchPoint vc="1" uspid="162" ordinal="27" offset="697" sl="153" path="1" offsetend="874" fileid="3" />
                <BranchPoint vc="0" uspid="163" ordinal="28" offset="719" sl="153" path="0" offsetchain="724 999" offsetend="1001" fileid="3" />
                <BranchPoint vc="1" uspid="164" ordinal="29" offset="719" sl="153" path="1" offsetend="889" fileid="3" />
                <BranchPoint vc="0" uspid="165" ordinal="30" offset="741" sl="153" path="0" offsetchain="746 999" offsetend="1001" fileid="3" />
                <BranchPoint vc="1" uspid="166" ordinal="31" offset="741" sl="153" path="1" offsetend="904" fileid="3" />
                <BranchPoint vc="0" uspid="167" ordinal="32" offset="763" sl="153" path="0" offsetchain="768 999" offsetend="1001" fileid="3" />
                <BranchPoint vc="1" uspid="168" ordinal="33" offset="763" sl="153" path="1" offsetend="919" fileid="3" />
                <BranchPoint vc="0" uspid="169" ordinal="34" offset="785" sl="153" path="0" offsetchain="790 999" offsetend="1001" fileid="3" />
                <BranchPoint vc="1" uspid="170" ordinal="35" offset="785" sl="153" path="1" offsetend="934" fileid="3" />
                <BranchPoint vc="0" uspid="171" ordinal="36" offset="807" sl="153" path="0" offsetchain="812 999" offsetend="1001" fileid="3" />
                <BranchPoint vc="1" uspid="172" ordinal="37" offset="807" sl="153" path="1" offsetend="949" fileid="3" />
                <BranchPoint vc="0" uspid="173" ordinal="38" offset="829" sl="153" path="0" offsetchain="834 999" offsetend="1001" fileid="3" />
                <BranchPoint vc="1" uspid="174" ordinal="39" offset="829" sl="153" path="1" offsetend="964" fileid="3" />
                <BranchPoint vc="0" uspid="175" ordinal="40" offset="851" sl="153" path="0" offsetchain="853 999" offsetend="1001" fileid="3" />
                <BranchPoint vc="1" uspid="176" ordinal="41" offset="851" sl="153" path="1" offsetend="979" fileid="3" />
                <BranchPoint vc="0" uspid="177" ordinal="42" offset="870" sl="153" path="0" offsetchain="872 999" offsetend="1001" fileid="3" />
                <BranchPoint vc="0" uspid="178" ordinal="43" offset="870" sl="153" path="1" offsetend="994" fileid="3" />
                <BranchPoint vc="1" uspid="179" ordinal="44" offset="1291" sl="199" path="0" offsetend="1293" fileid="3" />
                <BranchPoint vc="1" uspid="180" ordinal="45" offset="1291" sl="199" path="1" offsetend="1406" fileid="3" />
                <BranchPoint vc="1" uspid="181" ordinal="46" offset="1422" sl="209" path="0" offsetend="1424" fileid="3" />
                <BranchPoint vc="0" uspid="182" ordinal="47" offset="1422" sl="209" path="1" offsetend="1461" fileid="3" />
              </BranchPoints>
              <MethodPoint vc="1" uspid="183" ordinal="0" offset="0" />
            </Method>
            <Method visited="false" cyclomaticComplexity="1" nPathComplexity="0" sequenceCoverage="0" branchCoverage="0" isConstructor="true" isStatic="false" isGetter="false" isSetter="false">
              <Summary numSequencePoints="0" visitedSequencePoints="0" numBranchPoints="0" visitedBranchPoints="0" sequenceCoverage="0" branchCoverage="0" maxCyclomaticComplexity="1" minCyclomaticComplexity="1" visitedClasses="0" numClasses="0" visitedMethods="0" numMethods="0" />
              <MetadataToken>100663307</MetadataToken>
              <Name>System.Void RESProjekat.Program::.ctor()</Name>
              <SequencePoints />
              <BranchPoints />
              <MethodPoint vc="0" uspid="184" ordinal="0" offset="0" />
            </Method>
            <Method visited="true" cyclomaticComplexity="1" nPathComplexity="0" sequenceCoverage="100" branchCoverage="100" isConstructor="true" isStatic="true" isGetter="false" isSetter="false">
              <Summary numSequencePoints="1" visitedSequencePoints="1" numBranchPoints="1" visitedBranchPoints="1" sequenceCoverage="100" branchCoverage="100" maxCyclomaticComplexity="1" minCyclomaticComplexity="1" visitedClasses="0" numClasses="0" visitedMethods="1" numMethods="1" />
              <MetadataToken>100663308</MetadataToken>
              <Name>System.Void RESProjekat.Program::.cctor()</Name>
              <FileRef uid="3" />
              <SequencePoints>
                <SequencePoint vc="1" uspid="185" ordinal="0" offset="0" sl="13" sc="9" el="13" ec="49" bec="0" bev="0" fileid="3" />
              </SequencePoints>
              <BranchPoints />
              <MethodPoint xsi:type="SequencePoint" vc="1" uspid="185" ordinal="0" offset="0" sl="13" sc="9" el="13" ec="49" bec="0" bev="0" fileid="3" />
            </Method>
          </Methods>
        </Class>
        <Class>
          <Summary numSequencePoints="25" visitedSequencePoints="25" numBranchPoints="1" visitedBranchPoints="1" sequenceCoverage="100" branchCoverage="100" maxCyclomaticComplexity="2" minCyclomaticComplexity="1" visitedClasses="1" numClasses="1" visitedMethods="1" numMethods="1" />
          <FullName>RESProjekat.Program/&lt;&gt;c__DisplayClass1_0</FullName>
          <Methods>
            <Method visited="true" cyclomaticComplexity="1" nPathComplexity="0" sequenceCoverage="0" branchCoverage="0" isConstructor="true" isStatic="false" isGetter="false" isSetter="false">
              <Summary numSequencePoints="0" visitedSequencePoints="0" numBranchPoints="0" visitedBranchPoints="0" sequenceCoverage="0" branchCoverage="0" maxCyclomaticComplexity="1" minCyclomaticComplexity="1" visitedClasses="0" numClasses="0" visitedMethods="0" numMethods="0" />
              <MetadataToken>100663374</MetadataToken>
              <Name>System.Void RESProjekat.Program/&lt;&gt;c__DisplayClass1_0::.ctor()</Name>
              <SequencePoints />
              <BranchPoints />
              <MethodPoint vc="1" uspid="186" ordinal="0" offset="0" />
            </Method>
            <Method visited="true" cyclomaticComplexity="2" nPathComplexity="0" sequenceCoverage="100" branchCoverage="100" isConstructor="false" isStatic="false" isGetter="false" isSetter="false">
              <Summary numSequencePoints="25" visitedSequencePoints="25" numBranchPoints="1" visitedBranchPoints="1" sequenceCoverage="100" branchCoverage="100" maxCyclomaticComplexity="2" minCyclomaticComplexity="2" visitedClasses="0" numClasses="0" visitedMethods="1" numMethods="1" />
              <MetadataToken>100663375</MetadataToken>
              <Name>System.Void RESProjekat.Program/&lt;&gt;c__DisplayClass1_0::&lt;Main&gt;b__0()</Name>
              <FileRef uid="3" />
              <SequencePoints>
                <SequencePoint vc="1" uspid="187" ordinal="0" offset="0" sl="28" sc="13" el="28" ec="14" bec="0" bev="0" fileid="3" />
                <SequencePoint vc="85" uspid="188" ordinal="1" offset="6" sl="30" sc="17" el="30" ec="18" bec="0" bev="0" fileid="3" />
                <SequencePoint vc="85" uspid="189" ordinal="2" offset="7" sl="31" sc="21" el="31" ec="31" bec="0" bev="0" fileid="3" />
                <SequencePoint vc="85" uspid="190" ordinal="3" offset="24" sl="32" sc="21" el="32" ec="22" bec="0" bev="0" fileid="3" />
                <SequencePoint vc="85" uspid="191" ordinal="4" offset="25" sl="33" sc="25" el="33" ec="80" bec="0" bev="0" fileid="3" />
                <SequencePoint vc="85" uspid="192" ordinal="5" offset="41" sl="34" sc="25" el="34" ec="54" bec="0" bev="0" fileid="3" />
                <SequencePoint vc="85" uspid="193" ordinal="6" offset="47" sl="35" sc="25" el="35" ec="115" bec="0" bev="0" fileid="3" />
                <SequencePoint vc="85" uspid="194" ordinal="7" offset="72" sl="36" sc="25" el="36" ec="45" bec="0" bev="0" fileid="3" />
                <SequencePoint vc="85" uspid="195" ordinal="8" offset="86" sl="37" sc="25" el="37" ec="56" bec="0" bev="0" fileid="3" />
                <SequencePoint vc="85" uspid="196" ordinal="9" offset="110" sl="38" sc="25" el="38" ec="33" bec="0" bev="0" fileid="3" />
                <SequencePoint vc="85" uspid="197" ordinal="10" offset="128" sl="39" sc="25" el="39" ec="43" bec="0" bev="0" fileid="3" />
                <SequencePoint vc="84" uspid="198" ordinal="11" offset="152" sl="40" sc="25" el="40" ec="44" bec="0" bev="0" fileid="3" />
                <SequencePoint vc="84" uspid="199" ordinal="12" offset="176" sl="41" sc="25" el="41" ec="41" bec="0" bev="0" fileid="3" />
                <SequencePoint vc="84" uspid="200" ordinal="13" offset="194" sl="42" sc="25" el="42" ec="68" bec="0" bev="0" fileid="3" />
                <SequencePoint vc="84" uspid="201" ordinal="14" offset="236" sl="43" sc="25" el="43" ec="45" bec="0" bev="0" fileid="3" />
                <SequencePoint vc="84" uspid="202" ordinal="15" offset="254" sl="44" sc="25" el="44" ec="43" bec="0" bev="0" fileid="3" />
                <SequencePoint vc="84" uspid="203" ordinal="16" offset="272" sl="45" sc="25" el="45" ec="45" bec="0" bev="0" fileid="3" />
                <SequencePoint vc="84" uspid="204" ordinal="17" offset="290" sl="46" sc="25" el="46" ec="43" bec="0" bev="0" fileid="3" />
                <SequencePoint vc="84" uspid="205" ordinal="18" offset="308" sl="47" sc="25" el="47" ec="45" bec="0" bev="0" fileid="3" />
                <SequencePoint vc="84" uspid="206" ordinal="19" offset="326" sl="48" sc="25" el="48" ec="43" bec="0" bev="0" fileid="3" />
                <SequencePoint vc="84" uspid="207" ordinal="20" offset="344" sl="49" sc="25" el="49" ec="45" bec="0" bev="0" fileid="3" />
                <SequencePoint vc="84" uspid="208" ordinal="21" offset="362" sl="50" sc="25" el="50" ec="43" bec="0" bev="0" fileid="3" />
                <SequencePoint vc="84" uspid="209" ordinal="22" offset="370" sl="51" sc="21" el="51" ec="22" bec="0" bev="0" fileid="3" />
                <SequencePoint vc="84" uspid="210" ordinal="23" offset="384" sl="52" sc="17" el="52" ec="18" bec="0" bev="0" fileid="3" />
                <SequencePoint vc="85" uspid="211" ordinal="24" offset="385" sl="29" sc="17" el="29" ec="29" bec="0" bev="0" fileid="3" />
              </SequencePoints>
              <BranchPoints />
              <MethodPoint xsi:type="SequencePoint" vc="1" uspid="187" ordinal="0" offset="0" sl="28" sc="13" el="28" ec="14" bec="0" bev="0" fileid="3" />
            </Method>
          </Methods>
        </Class>
        <Class>
          <Summary numSequencePoints="50" visitedSequencePoints="44" numBranchPoints="9" visitedBranchPoints="8" sequenceCoverage="88" branchCoverage="88.89" maxCyclomaticComplexity="4" minCyclomaticComplexity="1" visitedClasses="1" numClasses="1" visitedMethods="6" numMethods="7" />
          <FullName>RESProjekat.ReaderCACD</FullName>
          <Methods>
            <Method visited="true" cyclomaticComplexity="1" nPathComplexity="0" sequenceCoverage="100" branchCoverage="100" isConstructor="false" isStatic="false" isGetter="true" isSetter="false">
              <Summary numSequencePoints="1" visitedSequencePoints="1" numBranchPoints="1" visitedBranchPoints="1" sequenceCoverage="100" branchCoverage="100" maxCyclomaticComplexity="1" minCyclomaticComplexity="1" visitedClasses="0" numClasses="0" visitedMethods="1" numMethods="1" />
              <MetadataToken>100663309</MetadataToken>
              <Name>System.Collections.Generic.List`1&lt;System.Tuple`2&lt;RESProjekat.Podatak,RESProjekat.Podatak&gt;&gt; RESProjekat.ReaderCACD::get_Buffer()</Name>
              <FileRef uid="5" />
              <SequencePoints>
                <SequencePoint vc="172" uspid="212" ordinal="0" offset="0" sl="14" sc="62" el="14" ec="68" bec="0" bev="0" fileid="5" />
              </SequencePoints>
              <BranchPoints />
              <MethodPoint xsi:type="SequencePoint" vc="172" uspid="212" ordinal="0" offset="0" sl="14" sc="62" el="14" ec="68" bec="0" bev="0" fileid="5" />
            </Method>
            <Method visited="false" cyclomaticComplexity="1" nPathComplexity="0" sequenceCoverage="0" branchCoverage="0" isConstructor="false" isStatic="false" isGetter="false" isSetter="true">
              <Summary numSequencePoints="1" visitedSequencePoints="0" numBranchPoints="1" visitedBranchPoints="0" sequenceCoverage="0" branchCoverage="0" maxCyclomaticComplexity="1" minCyclomaticComplexity="1" visitedClasses="0" numClasses="0" visitedMethods="0" numMethods="1" />
              <MetadataToken>100663310</MetadataToken>
              <Name>System.Void RESProjekat.ReaderCACD::set_Buffer(System.Collections.Generic.List`1&lt;System.Tuple`2&lt;RESProjekat.Podatak,RESProjekat.Podatak&gt;&gt;)</Name>
              <FileRef uid="5" />
              <SequencePoints>
                <SequencePoint vc="0" uspid="213" ordinal="0" offset="0" sl="14" sc="77" el="14" ec="91" bec="0" bev="0" fileid="5" />
              </SequencePoints>
              <BranchPoints />
              <MethodPoint xsi:type="SequencePoint" vc="0" uspid="213" ordinal="0" offset="0" sl="14" sc="77" el="14" ec="91" bec="0" bev="0" fileid="5" />
            </Method>
            <Method visited="true" cyclomaticComplexity="1" nPathComplexity="0" sequenceCoverage="100" branchCoverage="100" isConstructor="false" isStatic="false" isGetter="true" isSetter="false">
              <Summary numSequencePoints="1" visitedSequencePoints="1" numBranchPoints="1" visitedBranchPoints="1" sequenceCoverage="100" branchCoverage="100" maxCyclomaticComplexity="1" minCyclomaticComplexity="1" visitedClasses="0" numClasses="0" visitedMethods="1" numMethods="1" />
              <MetadataToken>100663311</MetadataToken>
              <Name>System.String RESProjekat.ReaderCACD::get_File()</Name>
              <FileRef uid="5" />
              <SequencePoints>
                <SequencePoint vc="11" uspid="214" ordinal="0" offset="0" sl="15" sc="37" el="15" ec="41" bec="0" bev="0" fileid="5" />
              </SequencePoints>
              <BranchPoints />
              <MethodPoint xsi:type="SequencePoint" vc="11" uspid="214" ordinal="0" offset="0" sl="15" sc="37" el="15" ec="41" bec="0" bev="0" fileid="5" />
            </Method>
            <Method visited="true" cyclomaticComplexity="1" nPathComplexity="0" sequenceCoverage="100" branchCoverage="100" isConstructor="false" isStatic="false" isGetter="false" isSetter="true">
              <Summary numSequencePoints="1" visitedSequencePoints="1" numBranchPoints="1" visitedBranchPoints="1" sequenceCoverage="100" branchCoverage="100" maxCyclomaticComplexity="1" minCyclomaticComplexity="1" visitedClasses="0" numClasses="0" visitedMethods="1" numMethods="1" />
              <MetadataToken>100663312</MetadataToken>
              <Name>System.Void RESProjekat.ReaderCACD::set_File(System.String)</Name>
              <FileRef uid="5" />
              <SequencePoints>
                <SequencePoint vc="1" uspid="215" ordinal="0" offset="0" sl="15" sc="50" el="15" ec="62" bec="0" bev="0" fileid="5" />
              </SequencePoints>
              <BranchPoints />
              <MethodPoint xsi:type="SequencePoint" vc="1" uspid="215" ordinal="0" offset="0" sl="15" sc="50" el="15" ec="62" bec="0" bev="0" fileid="5" />
            </Method>
            <Method visited="true" cyclomaticComplexity="1" nPathComplexity="0" sequenceCoverage="100" branchCoverage="100" isConstructor="true" isStatic="false" isGetter="false" isSetter="false">
              <Summary numSequencePoints="7" visitedSequencePoints="7" numBranchPoints="1" visitedBranchPoints="1" sequenceCoverage="100" branchCoverage="100" maxCyclomaticComplexity="1" minCyclomaticComplexity="1" visitedClasses="0" numClasses="0" visitedMethods="1" numMethods="1" />
              <MetadataToken>100663313</MetadataToken>
              <Name>System.Void RESProjekat.ReaderCACD::.ctor()</Name>
              <FileRef uid="5" />
              <SequencePoints>
                <SequencePoint vc="1" uspid="216" ordinal="0" offset="0" sl="12" sc="9" el="12" ec="92" bec="0" bev="0" fileid="5" />
                <SequencePoint vc="1" uspid="217" ordinal="1" offset="11" sl="17" sc="9" el="17" ec="142" bec="0" bev="0" fileid="5" />
                <SequencePoint vc="1" uspid="218" ordinal="2" offset="37" sl="19" sc="9" el="19" ec="42" bec="0" bev="0" fileid="5" />
                <SequencePoint vc="1" uspid="219" ordinal="3" offset="48" sl="20" sc="9" el="20" ec="28" bec="0" bev="0" fileid="5" />
                <SequencePoint vc="1" uspid="220" ordinal="4" offset="55" sl="21" sc="9" el="21" ec="10" bec="0" bev="0" fileid="5" />
                <SequencePoint vc="1" uspid="221" ordinal="5" offset="56" sl="22" sc="13" el="22" ec="59" bec="0" bev="0" fileid="5" />
                <SequencePoint vc="1" uspid="222" ordinal="6" offset="79" sl="23" sc="9" el="23" ec="10" bec="0" bev="0" fileid="5" />
              </SequencePoints>
              <BranchPoints />
              <MethodPoint xsi:type="SequencePoint" vc="1" uspid="216" ordinal="0" offset="0" sl="12" sc="9" el="12" ec="92" bec="0" bev="0" fileid="5" />
            </Method>
            <Method visited="true" cyclomaticComplexity="4" nPathComplexity="2" sequenceCoverage="100" branchCoverage="100" isConstructor="false" isStatic="false" isGetter="false" isSetter="false">
              <Summary numSequencePoints="20" visitedSequencePoints="20" numBranchPoints="3" visitedBranchPoints="3" sequenceCoverage="100" branchCoverage="100" maxCyclomaticComplexity="4" minCyclomaticComplexity="4" visitedClasses="0" numClasses="0" visitedMethods="1" numMethods="1" />
              <MetadataToken>100663314</MetadataToken>
              <Name>System.Void RESProjekat.ReaderCACD::UpisiUBazu(RESProjekat.Logger)</Name>
              <FileRef uid="5" />
              <SequencePoints>
                <SequencePoint vc="92" uspid="223" ordinal="0" offset="0" sl="27" sc="8" el="27" ec="9" bec="0" bev="0" fileid="5" />
                <SequencePoint vc="92" uspid="224" ordinal="1" offset="1" sl="28" sc="13" el="28" ec="23" bec="0" bev="0" fileid="5" />
                <SequencePoint vc="92" uspid="225" ordinal="2" offset="19" sl="29" sc="13" el="29" ec="14" bec="0" bev="0" fileid="5" />
                <SequencePoint vc="92" uspid="226" ordinal="3" offset="20" sl="30" sc="22" el="30" ec="31" bec="0" bev="0" fileid="5" />
                <SequencePoint vc="10" uspid="227" ordinal="4" offset="27" sl="31" sc="17" el="31" ec="18" bec="0" bev="0" fileid="5" />
                <SequencePoint vc="10" uspid="228" ordinal="5" offset="28" sl="32" sc="28" el="32" ec="74" bec="0" bev="0" fileid="5" />
                <SequencePoint vc="10" uspid="229" ordinal="6" offset="42" sl="33" sc="21" el="33" ec="22" bec="0" bev="0" fileid="5" />
                <SequencePoint vc="10" uspid="230" ordinal="7" offset="43" sl="34" sc="25" el="34" ec="87" bec="0" bev="0" fileid="5" />
                <SequencePoint vc="10" uspid="231" ordinal="8" offset="117" sl="35" sc="25" el="35" ec="87" bec="0" bev="0" fileid="5" />
                <SequencePoint vc="10" uspid="232" ordinal="9" offset="191" sl="37" sc="25" el="37" ec="52" bec="0" bev="0" fileid="5" />
                <SequencePoint vc="10" uspid="233" ordinal="10" offset="213" sl="38" sc="25" el="38" ec="50" bec="0" bev="0" fileid="5" />
                <SequencePoint vc="10" uspid="234" ordinal="11" offset="237" sl="39" sc="25" el="39" ec="29" bec="0" bev="0" fileid="5" />
                <SequencePoint vc="10" uspid="235" ordinal="12" offset="241" sl="40" sc="21" el="40" ec="22" bec="0" bev="0" fileid="5" />
                <SequencePoint vc="10" uspid="236" ordinal="13" offset="257" sl="41" sc="17" el="41" ec="18" bec="0" bev="0" fileid="5" />
                <SequencePoint vc="10" uspid="237" ordinal="14" offset="258" sl="30" sc="51" el="30" ec="54" bec="0" bev="0" fileid="5" />
                <SequencePoint vc="102" uspid="238" ordinal="15" offset="262" sl="30" sc="33" el="30" ec="49" bec="2" bev="2" fileid="5" />
                <SequencePoint vc="92" uspid="239" ordinal="16" offset="285" sl="42" sc="17" el="42" ec="94" bec="0" bev="0" fileid="5" />
                <SequencePoint vc="92" uspid="240" ordinal="17" offset="306" sl="43" sc="17" el="43" ec="30" bec="0" bev="0" fileid="5" />
                <SequencePoint vc="92" uspid="241" ordinal="18" offset="314" sl="44" sc="13" el="44" ec="14" bec="0" bev="0" fileid="5" />
                <SequencePoint vc="92" uspid="242" ordinal="19" offset="328" sl="45" sc="9" el="45" ec="10" bec="0" bev="0" fileid="5" />
              </SequencePoints>
              <BranchPoints>
                <BranchPoint vc="92" uspid="243" ordinal="0" offset="280" sl="30" path="0" offsetend="285" fileid="5" />
                <BranchPoint vc="10" uspid="244" ordinal="1" offset="280" sl="30" path="1" offsetend="27" fileid="5" />
              </BranchPoints>
              <MethodPoint xsi:type="SequencePoint" vc="92" uspid="223" ordinal="0" offset="0" sl="27" sc="8" el="27" ec="9" bec="0" bev="0" fileid="5" />
            </Method>
            <Method visited="true" cyclomaticComplexity="3" nPathComplexity="0" sequenceCoverage="73.68" branchCoverage="100" isConstructor="false" isStatic="false" isGetter="false" isSetter="false">
              <Summary numSequencePoints="19" visitedSequencePoints="14" numBranchPoints="1" visitedBranchPoints="1" sequenceCoverage="73.68" branchCoverage="100" maxCyclomaticComplexity="3" minCyclomaticComplexity="3" visitedClasses="0" numClasses="0" visitedMethods="1" numMethods="1" />
              <MetadataToken>100663315</MetadataToken>
              <Name>System.Void RESProjekat.ReaderCACD::IscitajIzBaze(RESProjekat.Logger)</Name>
              <FileRef uid="5" />
              <SequencePoints>
                <SequencePoint vc="1" uspid="245" ordinal="0" offset="0" sl="48" sc="9" el="48" ec="10" bec="0" bev="0" fileid="5" />
                <SequencePoint vc="1" uspid="246" ordinal="1" offset="1" sl="49" sc="13" el="49" ec="23" bec="0" bev="0" fileid="5" />
                <SequencePoint vc="1" uspid="247" ordinal="2" offset="19" sl="50" sc="13" el="50" ec="14" bec="0" bev="0" fileid="5" />
                <SequencePoint vc="1" uspid="248" ordinal="3" offset="20" sl="52" sc="17" el="52" ec="18" bec="0" bev="0" fileid="5" />
                <SequencePoint vc="1" uspid="249" ordinal="4" offset="21" sl="53" sc="28" el="53" ec="68" bec="0" bev="0" fileid="5" />
                <SequencePoint vc="1" uspid="250" ordinal="5" offset="33" sl="54" sc="21" el="54" ec="22" bec="0" bev="0" fileid="5" />
                <SequencePoint vc="1" uspid="251" ordinal="6" offset="34" sl="56" sc="25" el="56" ec="54" bec="0" bev="0" fileid="5" />
                <SequencePoint vc="1" uspid="252" ordinal="7" offset="42" sl="57" sc="25" el="57" ec="49" bec="0" bev="0" fileid="5" />
                <SequencePoint vc="1" uspid="253" ordinal="8" offset="50" sl="58" sc="21" el="58" ec="22" bec="0" bev="0" fileid="5" />
                <SequencePoint vc="1" uspid="254" ordinal="9" offset="64" sl="59" sc="17" el="59" ec="18" bec="0" bev="0" fileid="5" />
                <SequencePoint vc="0" uspid="255" ordinal="10" offset="67" sl="60" sc="17" el="60" ec="36" bec="0" bev="0" fileid="5" />
                <SequencePoint vc="0" uspid="256" ordinal="11" offset="69" sl="61" sc="17" el="61" ec="18" bec="0" bev="0" fileid="5" />
                <SequencePoint vc="0" uspid="257" ordinal="12" offset="70" sl="62" sc="21" el="62" ec="70" bec="0" bev="0" fileid="5" />
                <SequencePoint vc="0" uspid="258" ordinal="13" offset="81" sl="63" sc="21" el="63" ec="50" bec="0" bev="0" fileid="5" />
                <SequencePoint vc="0" uspid="259" ordinal="14" offset="94" sl="64" sc="17" el="64" ec="18" bec="0" bev="0" fileid="5" />
                <SequencePoint vc="1" uspid="260" ordinal="15" offset="97" sl="65" sc="17" el="65" ec="96" bec="0" bev="0" fileid="5" />
                <SequencePoint vc="1" uspid="261" ordinal="16" offset="118" sl="66" sc="17" el="66" ec="30" bec="0" bev="0" fileid="5" />
                <SequencePoint vc="1" uspid="262" ordinal="17" offset="126" sl="67" sc="13" el="67" ec="14" bec="0" bev="0" fileid="5" />
                <SequencePoint vc="1" uspid="263" ordinal="18" offset="140" sl="68" sc="9" el="68" ec="10" bec="0" bev="0" fileid="5" />
              </SequencePoints>
              <BranchPoints />
              <MethodPoint xsi:type="SequencePoint" vc="1" uspid="245" ordinal="0" offset="0" sl="48" sc="9" el="48" ec="10" bec="0" bev="0" fileid="5" />
            </Method>
          </Methods>
        </Class>
        <Class>
          <Summary numSequencePoints="145" visitedSequencePoints="108" numBranchPoints="30" visitedBranchPoints="20" sequenceCoverage="74.48" branchCoverage="66.67" maxCyclomaticComplexity="18" minCyclomaticComplexity="1" visitedClasses="1" numClasses="1" visitedMethods="8" numMethods="10" />
          <FullName>RESProjekat.ReaderCCCL</FullName>
          <Methods>
            <Method visited="true" cyclomaticComplexity="1" nPathComplexity="0" sequenceCoverage="100" branchCoverage="100" isConstructor="false" isStatic="false" isGetter="true" isSetter="false">
              <Summary numSequencePoints="1" visitedSequencePoints="1" numBranchPoints="1" visitedBranchPoints="1" sequenceCoverage="100" branchCoverage="100" maxCyclomaticComplexity="1" minCyclomaticComplexity="1" visitedClasses="0" numClasses="0" visitedMethods="1" numMethods="1" />
              <MetadataToken>100663320</MetadataToken>
              <Name>System.Collections.Generic.List`1&lt;System.Tuple`2&lt;RESProjekat.Podatak,RESProjekat.Podatak&gt;&gt; RESProjekat.ReaderCCCL::get_DeadbandList()</Name>
              <FileRef uid="6" />
              <SequencePoints>
                <SequencePoint vc="200" uspid="264" ordinal="0" offset="0" sl="168" sc="68" el="168" ec="80" bec="0" bev="0" fileid="6" />
              </SequencePoints>
              <BranchPoints />
              <MethodPoint xsi:type="SequencePoint" vc="200" uspid="264" ordinal="0" offset="0" sl="168" sc="68" el="168" ec="80" bec="0" bev="0" fileid="6" />
            </Method>
            <Method visited="false" cyclomaticComplexity="1" nPathComplexity="0" sequenceCoverage="0" branchCoverage="0" isConstructor="false" isStatic="false" isGetter="false" isSetter="true">
              <Summary numSequencePoints="1" visitedSequencePoints="0" numBranchPoints="1" visitedBranchPoints="0" sequenceCoverage="0" branchCoverage="0" maxCyclomaticComplexity="1" minCyclomaticComplexity="1" visitedClasses="0" numClasses="0" visitedMethods="0" numMethods="1" />
              <MetadataToken>100663321</MetadataToken>
              <Name>System.Void RESProjekat.ReaderCCCL::set_DeadbandList(System.Collections.Generic.List`1&lt;System.Tuple`2&lt;RESProjekat.Podatak,RESProjekat.Podatak&gt;&gt;)</Name>
              <FileRef uid="6" />
              <SequencePoints>
                <SequencePoint vc="0" uspid="265" ordinal="0" offset="0" sl="168" sc="89" el="168" ec="109" bec="0" bev="0" fileid="6" />
              </SequencePoints>
              <BranchPoints />
              <MethodPoint xsi:type="SequencePoint" vc="0" uspid="265" ordinal="0" offset="0" sl="168" sc="89" el="168" ec="109" bec="0" bev="0" fileid="6" />
            </Method>
            <Method visited="true" cyclomaticComplexity="1" nPathComplexity="0" sequenceCoverage="100" branchCoverage="100" isConstructor="false" isStatic="false" isGetter="true" isSetter="false">
              <Summary numSequencePoints="1" visitedSequencePoints="1" numBranchPoints="1" visitedBranchPoints="1" sequenceCoverage="100" branchCoverage="100" maxCyclomaticComplexity="1" minCyclomaticComplexity="1" visitedClasses="0" numClasses="0" visitedMethods="1" numMethods="1" />
              <MetadataToken>100663322</MetadataToken>
              <Name>System.Collections.Generic.List`1&lt;System.Tuple`2&lt;RESProjekat.Podatak,RESProjekat.Podatak&gt;&gt; RESProjekat.ReaderCCCL::get_Buffer()</Name>
              <FileRef uid="6" />
              <SequencePoints>
                <SequencePoint vc="101" uspid="266" ordinal="0" offset="0" sl="169" sc="62" el="169" ec="68" bec="0" bev="0" fileid="6" />
              </SequencePoints>
              <BranchPoints />
              <MethodPoint xsi:type="SequencePoint" vc="101" uspid="266" ordinal="0" offset="0" sl="169" sc="62" el="169" ec="68" bec="0" bev="0" fileid="6" />
            </Method>
            <Method visited="false" cyclomaticComplexity="1" nPathComplexity="0" sequenceCoverage="0" branchCoverage="0" isConstructor="false" isStatic="false" isGetter="false" isSetter="true">
              <Summary numSequencePoints="1" visitedSequencePoints="0" numBranchPoints="1" visitedBranchPoints="0" sequenceCoverage="0" branchCoverage="0" maxCyclomaticComplexity="1" minCyclomaticComplexity="1" visitedClasses="0" numClasses="0" visitedMethods="0" numMethods="1" />
              <MetadataToken>100663323</MetadataToken>
              <Name>System.Void RESProjekat.ReaderCCCL::set_Buffer(System.Collections.Generic.List`1&lt;System.Tuple`2&lt;RESProjekat.Podatak,RESProjekat.Podatak&gt;&gt;)</Name>
              <FileRef uid="6" />
              <SequencePoints>
                <SequencePoint vc="0" uspid="267" ordinal="0" offset="0" sl="169" sc="77" el="169" ec="91" bec="0" bev="0" fileid="6" />
              </SequencePoints>
              <BranchPoints />
              <MethodPoint xsi:type="SequencePoint" vc="0" uspid="267" ordinal="0" offset="0" sl="169" sc="77" el="169" ec="91" bec="0" bev="0" fileid="6" />
            </Method>
            <Method visited="true" cyclomaticComplexity="1" nPathComplexity="0" sequenceCoverage="100" branchCoverage="100" isConstructor="false" isStatic="false" isGetter="true" isSetter="false">
              <Summary numSequencePoints="1" visitedSequencePoints="1" numBranchPoints="1" visitedBranchPoints="1" sequenceCoverage="100" branchCoverage="100" maxCyclomaticComplexity="1" minCyclomaticComplexity="1" visitedClasses="0" numClasses="0" visitedMethods="1" numMethods="1" />
              <MetadataToken>100663324</MetadataToken>
              <Name>System.String RESProjekat.ReaderCCCL::get_File()</Name>
              <FileRef uid="6" />
              <SequencePoints>
                <SequencePoint vc="369" uspid="268" ordinal="0" offset="0" sl="170" sc="37" el="170" ec="41" bec="0" bev="0" fileid="6" />
              </SequencePoints>
              <BranchPoints />
              <MethodPoint xsi:type="SequencePoint" vc="369" uspid="268" ordinal="0" offset="0" sl="170" sc="37" el="170" ec="41" bec="0" bev="0" fileid="6" />
            </Method>
            <Method visited="true" cyclomaticComplexity="1" nPathComplexity="0" sequenceCoverage="100" branchCoverage="100" isConstructor="false" isStatic="false" isGetter="false" isSetter="true">
              <Summary numSequencePoints="1" visitedSequencePoints="1" numBranchPoints="1" visitedBranchPoints="1" sequenceCoverage="100" branchCoverage="100" maxCyclomaticComplexity="1" minCyclomaticComplexity="1" visitedClasses="0" numClasses="0" visitedMethods="1" numMethods="1" />
              <MetadataToken>100663325</MetadataToken>
              <Name>System.Void RESProjekat.ReaderCCCL::set_File(System.String)</Name>
              <FileRef uid="6" />
              <SequencePoints>
                <SequencePoint vc="1" uspid="269" ordinal="0" offset="0" sl="170" sc="50" el="170" ec="62" bec="0" bev="0" fileid="6" />
              </SequencePoints>
              <BranchPoints />
              <MethodPoint xsi:type="SequencePoint" vc="1" uspid="269" ordinal="0" offset="0" sl="170" sc="50" el="170" ec="62" bec="0" bev="0" fileid="6" />
            </Method>
            <Method visited="true" cyclomaticComplexity="1" nPathComplexity="0" sequenceCoverage="100" branchCoverage="100" isConstructor="true" isStatic="false" isGetter="false" isSetter="false">
              <Summary numSequencePoints="8" visitedSequencePoints="8" numBranchPoints="1" visitedBranchPoints="1" sequenceCoverage="100" branchCoverage="100" maxCyclomaticComplexity="1" minCyclomaticComplexity="1" visitedClasses="0" numClasses="0" visitedMethods="1" numMethods="1" />
              <MetadataToken>100663316</MetadataToken>
              <Name>System.Void RESProjekat.ReaderCCCL::.ctor()</Name>
              <FileRef uid="6" />
              <SequencePoints>
                <SequencePoint vc="1" uspid="270" ordinal="0" offset="0" sl="12" sc="9" el="12" ec="92" bec="0" bev="0" fileid="6" />
                <SequencePoint vc="1" uspid="271" ordinal="1" offset="11" sl="13" sc="9" el="13" ec="98" bec="0" bev="0" fileid="6" />
                <SequencePoint vc="1" uspid="272" ordinal="2" offset="22" sl="14" sc="9" el="14" ec="42" bec="0" bev="0" fileid="6" />
                <SequencePoint vc="1" uspid="273" ordinal="3" offset="33" sl="15" sc="9" el="15" ec="142" bec="0" bev="0" fileid="6" />
                <SequencePoint vc="1" uspid="274" ordinal="4" offset="59" sl="18" sc="9" el="18" ec="28" bec="0" bev="0" fileid="6" />
                <SequencePoint vc="1" uspid="275" ordinal="5" offset="66" sl="19" sc="9" el="19" ec="10" bec="0" bev="0" fileid="6" />
                <SequencePoint vc="1" uspid="276" ordinal="6" offset="67" sl="20" sc="13" el="20" ec="59" bec="0" bev="0" fileid="6" />
                <SequencePoint vc="1" uspid="277" ordinal="7" offset="90" sl="21" sc="9" el="21" ec="10" bec="0" bev="0" fileid="6" />
              </SequencePoints>
              <BranchPoints />
              <MethodPoint xsi:type="SequencePoint" vc="1" uspid="270" ordinal="0" offset="0" sl="12" sc="9" el="12" ec="92" bec="0" bev="0" fileid="6" />
            </Method>
            <Method visited="true" cyclomaticComplexity="18" nPathComplexity="256" sequenceCoverage="86.36" branchCoverage="70.59" isConstructor="false" isStatic="false" isGetter="false" isSetter="false">
              <Summary numSequencePoints="66" visitedSequencePoints="57" numBranchPoints="17" visitedBranchPoints="12" sequenceCoverage="86.36" branchCoverage="70.59" maxCyclomaticComplexity="18" minCyclomaticComplexity="18" visitedClasses="0" numClasses="0" visitedMethods="1" numMethods="1" />
              <MetadataToken>100663317</MetadataToken>
              <Name>System.Void RESProjekat.ReaderCCCL::Deadband(RESProjekat.Logger)</Name>
              <FileRef uid="6" />
              <SequencePoints>
                <SequencePoint vc="92" uspid="278" ordinal="0" offset="0" sl="24" sc="9" el="24" ec="10" bec="0" bev="0" fileid="6" />
                <SequencePoint vc="92" uspid="279" ordinal="1" offset="1" sl="25" sc="13" el="25" ec="23" bec="0" bev="0" fileid="6" />
                <SequencePoint vc="92" uspid="280" ordinal="2" offset="19" sl="26" sc="13" el="26" ec="14" bec="0" bev="0" fileid="6" />
                <SequencePoint vc="92" uspid="281" ordinal="3" offset="20" sl="27" sc="17" el="27" ec="49" bec="2" bev="1" fileid="6" />
                <SequencePoint vc="92" uspid="282" ordinal="4" offset="38" sl="28" sc="17" el="28" ec="18" bec="0" bev="0" fileid="6" />
                <SequencePoint vc="92" uspid="283" ordinal="5" offset="39" sl="30" sc="21" el="30" ec="22" bec="0" bev="0" fileid="6" />
                <SequencePoint vc="92" uspid="284" ordinal="6" offset="40" sl="31" sc="25" el="31" ec="78" bec="0" bev="0" fileid="6" />
                <SequencePoint vc="92" uspid="285" ordinal="7" offset="53" sl="32" sc="25" el="32" ec="32" bec="0" bev="0" fileid="6" />
                <SequencePoint vc="92" uspid="286" ordinal="8" offset="54" sl="32" sc="49" el="32" ec="56" bec="0" bev="0" fileid="6" />
                <SequencePoint vc="2267" uspid="287" ordinal="9" offset="66" sl="32" sc="34" el="32" ec="45" bec="0" bev="0" fileid="6" />
                <SequencePoint vc="2267" uspid="288" ordinal="10" offset="73" sl="33" sc="25" el="33" ec="26" bec="0" bev="0" fileid="6" />
                <SequencePoint vc="2267" uspid="289" ordinal="11" offset="74" sl="34" sc="29" el="34" ec="66" bec="2" bev="1" fileid="6" />
                <SequencePoint vc="2267" uspid="290" ordinal="12" offset="93" sl="35" sc="29" el="35" ec="30" bec="0" bev="0" fileid="6" />
                <SequencePoint vc="2267" uspid="291" ordinal="13" offset="94" sl="36" sc="33" el="36" ec="64" bec="0" bev="0" fileid="6" />
                <SequencePoint vc="2267" uspid="292" ordinal="14" offset="114" sl="37" sc="33" el="37" ec="55" bec="0" bev="0" fileid="6" />
                <SequencePoint vc="2267" uspid="293" ordinal="15" offset="120" sl="39" sc="33" el="39" ec="70" bec="0" bev="0" fileid="6" />
                <SequencePoint vc="2267" uspid="294" ordinal="16" offset="132" sl="40" sc="33" el="40" ec="55" bec="0" bev="0" fileid="6" />
                <SequencePoint vc="2267" uspid="295" ordinal="17" offset="138" sl="42" sc="33" el="42" ec="70" bec="0" bev="0" fileid="6" />
                <SequencePoint vc="2267" uspid="296" ordinal="18" offset="150" sl="43" sc="37" el="43" ec="46" bec="0" bev="0" fileid="6" />
                <SequencePoint vc="209" uspid="297" ordinal="19" offset="158" sl="44" sc="33" el="44" ec="34" bec="0" bev="0" fileid="6" />
                <SequencePoint vc="209" uspid="298" ordinal="20" offset="159" sl="45" sc="37" el="45" ec="82" bec="2" bev="2" fileid="6" />
                <SequencePoint vc="114" uspid="299" ordinal="21" offset="217" sl="46" sc="37" el="46" ec="38" bec="0" bev="0" fileid="6" />
                <SequencePoint vc="114" uspid="300" ordinal="22" offset="218" sl="47" sc="41" el="50" ec="86" bec="2" bev="1" fileid="6" />
                <SequencePoint vc="114" uspid="301" ordinal="23" offset="402" sl="51" sc="41" el="51" ec="42" bec="0" bev="0" fileid="6" />
                <SequencePoint vc="114" uspid="302" ordinal="24" offset="403" sl="56" sc="41" el="56" ec="42" bec="0" bev="0" fileid="6" />
                <SequencePoint vc="0" uspid="303" ordinal="25" offset="406" sl="58" sc="41" el="58" ec="42" bec="0" bev="0" fileid="6" />
                <SequencePoint vc="0" uspid="304" ordinal="26" offset="407" sl="59" sc="45" el="59" ec="70" bec="0" bev="0" fileid="6" />
                <SequencePoint vc="0" uspid="305" ordinal="27" offset="432" sl="60" sc="45" el="60" ec="49" bec="0" bev="0" fileid="6" />
                <SequencePoint vc="0" uspid="306" ordinal="28" offset="438" sl="61" sc="41" el="61" ec="42" bec="0" bev="0" fileid="6" />
                <SequencePoint vc="114" uspid="307" ordinal="29" offset="439" sl="62" sc="37" el="62" ec="38" bec="0" bev="0" fileid="6" />
                <SequencePoint vc="95" uspid="308" ordinal="30" offset="445" sl="63" sc="42" el="63" ec="87" bec="2" bev="1" fileid="6" />
                <SequencePoint vc="95" uspid="309" ordinal="31" offset="503" sl="64" sc="37" el="64" ec="38" bec="0" bev="0" fileid="6" />
                <SequencePoint vc="95" uspid="310" ordinal="32" offset="504" sl="65" sc="41" el="68" ec="86" bec="2" bev="2" fileid="6" />
                <SequencePoint vc="94" uspid="311" ordinal="33" offset="688" sl="69" sc="41" el="69" ec="42" bec="0" bev="0" fileid="6" />
                <SequencePoint vc="94" uspid="312" ordinal="34" offset="689" sl="74" sc="41" el="74" ec="42" bec="0" bev="0" fileid="6" />
                <SequencePoint vc="1" uspid="313" ordinal="35" offset="692" sl="76" sc="41" el="76" ec="42" bec="0" bev="0" fileid="6" />
                <SequencePoint vc="1" uspid="314" ordinal="36" offset="693" sl="77" sc="45" el="77" ec="70" bec="0" bev="0" fileid="6" />
                <SequencePoint vc="1" uspid="315" ordinal="37" offset="718" sl="78" sc="45" el="78" ec="49" bec="0" bev="0" fileid="6" />
                <SequencePoint vc="1" uspid="316" ordinal="38" offset="724" sl="79" sc="41" el="79" ec="42" bec="0" bev="0" fileid="6" />
                <SequencePoint vc="95" uspid="317" ordinal="39" offset="725" sl="80" sc="37" el="80" ec="38" bec="0" bev="0" fileid="6" />
                <SequencePoint vc="209" uspid="318" ordinal="40" offset="726" sl="81" sc="33" el="81" ec="34" bec="0" bev="0" fileid="6" />
                <SequencePoint vc="209" uspid="319" ordinal="41" offset="727" sl="43" sc="65" el="43" ec="68" bec="0" bev="0" fileid="6" />
                <SequencePoint vc="2476" uspid="320" ordinal="42" offset="733" sl="43" sc="48" el="43" ec="63" bec="2" bev="2" fileid="6" />
                <SequencePoint vc="2267" uspid="321" ordinal="43" offset="757" sl="82" sc="29" el="82" ec="30" bec="0" bev="0" fileid="6" />
                <SequencePoint vc="2267" uspid="322" ordinal="44" offset="758" sl="83" sc="25" el="83" ec="26" bec="0" bev="0" fileid="6" />
                <SequencePoint vc="2359" uspid="323" ordinal="45" offset="765" sl="32" sc="46" el="32" ec="48" bec="0" bev="0" fileid="6" />
                <SequencePoint vc="92" uspid="324" ordinal="46" offset="776" sl="84" sc="25" el="84" ec="32" bec="0" bev="0" fileid="6" />
                <SequencePoint vc="92" uspid="325" ordinal="47" offset="777" sl="84" sc="48" el="84" ec="54" bec="0" bev="0" fileid="6" />
                <SequencePoint vc="8" uspid="326" ordinal="48" offset="792" sl="84" sc="33" el="84" ec="44" bec="0" bev="0" fileid="6" />
                <SequencePoint vc="8" uspid="327" ordinal="49" offset="801" sl="85" sc="25" el="85" ec="26" bec="0" bev="0" fileid="6" />
                <SequencePoint vc="8" uspid="328" ordinal="50" offset="802" sl="86" sc="29" el="86" ec="64" bec="2" bev="1" fileid="6" />
                <SequencePoint vc="8" uspid="329" ordinal="51" offset="824" sl="87" sc="29" el="87" ec="55" bec="0" bev="0" fileid="6" />
                <SequencePoint vc="8" uspid="330" ordinal="52" offset="838" sl="88" sc="25" el="88" ec="26" bec="0" bev="0" fileid="6" />
                <SequencePoint vc="100" uspid="331" ordinal="53" offset="839" sl="84" sc="45" el="84" ec="47" bec="0" bev="0" fileid="6" />
                <SequencePoint vc="92" uspid="332" ordinal="54" offset="865" sl="89" sc="25" el="89" ec="40" bec="0" bev="0" fileid="6" />
                <SequencePoint vc="92" uspid="333" ordinal="55" offset="877" sl="90" sc="21" el="90" ec="22" bec="0" bev="0" fileid="6" />
                <SequencePoint vc="0" uspid="334" ordinal="56" offset="880" sl="91" sc="21" el="91" ec="40" bec="0" bev="0" fileid="6" />
                <SequencePoint vc="0" uspid="335" ordinal="57" offset="882" sl="92" sc="21" el="92" ec="22" bec="0" bev="0" fileid="6" />
                <SequencePoint vc="0" uspid="336" ordinal="58" offset="883" sl="93" sc="25" el="93" ec="74" bec="0" bev="0" fileid="6" />
                <SequencePoint vc="0" uspid="337" ordinal="59" offset="894" sl="94" sc="25" el="94" ec="54" bec="0" bev="0" fileid="6" />
                <SequencePoint vc="0" uspid="338" ordinal="60" offset="907" sl="95" sc="21" el="95" ec="22" bec="0" bev="0" fileid="6" />
                <SequencePoint vc="92" uspid="339" ordinal="61" offset="910" sl="97" sc="21" el="97" ec="105" bec="0" bev="0" fileid="6" />
                <SequencePoint vc="92" uspid="340" ordinal="62" offset="931" sl="98" sc="21" el="98" ec="34" bec="0" bev="0" fileid="6" />
                <SequencePoint vc="92" uspid="341" ordinal="63" offset="939" sl="99" sc="17" el="99" ec="18" bec="0" bev="0" fileid="6" />
                <SequencePoint vc="92" uspid="342" ordinal="64" offset="940" sl="100" sc="13" el="100" ec="14" bec="0" bev="0" fileid="6" />
                <SequencePoint vc="92" uspid="343" ordinal="65" offset="954" sl="101" sc="9" el="101" ec="10" bec="0" bev="0" fileid="6" />
              </SequencePoints>
              <BranchPoints>
                <BranchPoint vc="92" uspid="344" ordinal="0" offset="33" sl="27" path="0" offsetend="38" fileid="6" />
                <BranchPoint vc="0" uspid="345" ordinal="1" offset="33" sl="27" path="1" offsetend="940" fileid="6" />
                <BranchPoint vc="2267" uspid="346" ordinal="2" offset="88" sl="34" path="0" offsetend="93" fileid="6" />
                <BranchPoint vc="0" uspid="347" ordinal="3" offset="88" sl="34" path="1" offsetend="758" fileid="6" />
                <BranchPoint vc="114" uspid="348" ordinal="4" offset="212" sl="45" path="0" offsetend="217" fileid="6" />
                <BranchPoint vc="95" uspid="349" ordinal="5" offset="212" sl="45" path="1" offsetend="445" fileid="6" />
                <BranchPoint vc="114" uspid="356" ordinal="12" offset="400" sl="47" path="0" offsetend="402" fileid="6" />
                <BranchPoint vc="0" uspid="357" ordinal="13" offset="400" sl="47" path="1" offsetend="406" fileid="6" />
                <BranchPoint vc="95" uspid="358" ordinal="14" offset="498" sl="63" path="0" offsetend="503" fileid="6" />
                <BranchPoint vc="0" uspid="359" ordinal="15" offset="498" sl="63" path="1" offsetend="726" fileid="6" />
                <BranchPoint vc="94" uspid="366" ordinal="22" offset="686" sl="65" path="0" offsetend="688" fileid="6" />
                <BranchPoint vc="1" uspid="367" ordinal="23" offset="686" sl="65" path="1" offsetend="692" fileid="6" />
                <BranchPoint vc="2267" uspid="368" ordinal="24" offset="752" sl="43" path="0" offsetend="757" fileid="6" />
                <BranchPoint vc="209" uspid="369" ordinal="25" offset="752" sl="43" path="1" offsetend="158" fileid="6" />
                <BranchPoint vc="8" uspid="372" ordinal="28" offset="822" sl="86" path="0" offsetend="824" fileid="6" />
                <BranchPoint vc="0" uspid="373" ordinal="29" offset="822" sl="86" path="1" offsetend="838" fileid="6" />
              </BranchPoints>
              <MethodPoint xsi:type="SequencePoint" vc="92" uspid="278" ordinal="0" offset="0" sl="24" sc="9" el="24" ec="10" bec="0" bev="0" fileid="6" />
            </Method>
            <Method visited="true" cyclomaticComplexity="8" nPathComplexity="4" sequenceCoverage="54.35" branchCoverage="40" isConstructor="false" isStatic="false" isGetter="false" isSetter="false">
              <Summary numSequencePoints="46" visitedSequencePoints="25" numBranchPoints="5" visitedBranchPoints="2" sequenceCoverage="54.35" branchCoverage="40" maxCyclomaticComplexity="8" minCyclomaticComplexity="8" visitedClasses="0" numClasses="0" visitedMethods="1" numMethods="1" />
              <MetadataToken>100663318</MetadataToken>
              <Name>System.Void RESProjekat.ReaderCCCL::UpisiUBazu(RESProjekat.Logger)</Name>
              <FileRef uid="6" />
              <SequencePoints>
[...]
              <FileRef uid="11" />
              <SequencePoints>
                <SequencePoint vc="1" uspid="1012" ordinal="0" offset="0" sl="11" sc="9" el="11" ec="42" bec="0" bev="0" fileid="11" />
                <SequencePoint vc="1" uspid="1013" ordinal="1" offset="11" sl="14" sc="9" el="14" ec="24" bec="0" bev="0" fileid="11" />
                <SequencePoint vc="1" uspid="1014" ordinal="2" offset="18" sl="15" sc="9" el="15" ec="10" bec="0" bev="0" fileid="11" />
                <SequencePoint vc="1" uspid="1015" ordinal="3" offset="19" sl="17" sc="9" el="17" ec="10" bec="0" bev="0" fileid="11" />
              </SequencePoints>
              <BranchPoints />
              <MethodPoint xsi:type="SequencePoint" vc="1" uspid="1012" ordinal="0" offset="0" sl="11" sc="9" el="11" ec="42" bec="0" bev="0" fileid="11" />
            </Method>
            <Method visited="true" cyclomaticComplexity="2" nPathComplexity="0" sequenceCoverage="100" branchCoverage="100" isConstructor="false" isStatic="false" isGetter="false" isSetter="false">
              <Summary numSequencePoints="8" visitedSequencePoints="8" numBranchPoints="1" visitedBranchPoints="1" sequenceCoverage="100" branchCoverage="100" maxCyclomaticComplexity="2" minCyclomaticComplexity="2" visitedClasses="0" numClasses="0" visitedMethods="1" numMethods="1" />
              <MetadataToken>100663358</MetadataToken>
              <Name>System.Void RESProjekat.Writer::Prosledi(RESProjekat.ReplicatorSender,RESProjekat.Logger)</Name>
              <FileRef uid="11" />
              <SequencePoints>
                <SequencePoint vc="93" uspid="1016" ordinal="0" offset="0" sl="20" sc="9" el="20" ec="10" bec="0" bev="0" fileid="11" />
                <SequencePoint vc="93" uspid="1017" ordinal="1" offset="1" sl="21" sc="13" el="21" ec="23" bec="0" bev="0" fileid="11" />
                <SequencePoint vc="92" uspid="1018" ordinal="2" offset="19" sl="22" sc="13" el="22" ec="14" bec="0" bev="0" fileid="11" />
                <SequencePoint vc="92" uspid="1019" ordinal="3" offset="20" sl="23" sc="17" el="23" ec="33" bec="0" bev="0" fileid="11" />
                <SequencePoint vc="92" uspid="1020" ordinal="4" offset="38" sl="24" sc="17" el="24" ec="86" bec="0" bev="0" fileid="11" />
                <SequencePoint vc="92" uspid="1021" ordinal="5" offset="59" sl="25" sc="17" el="25" ec="28" bec="0" bev="0" fileid="11" />
                <SequencePoint vc="92" uspid="1022" ordinal="6" offset="67" sl="26" sc="13" el="26" ec="14" bec="0" bev="0" fileid="11" />
                <SequencePoint vc="92" uspid="1023" ordinal="7" offset="81" sl="27" sc="9" el="27" ec="10" bec="0" bev="0" fileid="11" />
              </SequencePoints>
              <BranchPoints />
              <MethodPoint xsi:type="SequencePoint" vc="93" uspid="1016" ordinal="0" offset="0" sl="20" sc="9" el="20" ec="10" bec="0" bev="0" fileid="11" />
            </Method>
          </Methods>
        </Class>
        <Class>
          <Summary numSequencePoints="15" visitedSequencePoints="14" numBranchPoints="8" visitedBranchPoints="7" sequenceCoverage="93.33" branchCoverage="87.5" maxCyclomaticComplexity="1" minCyclomaticComplexity="1" visitedClasses="1" numClasses="1" visitedMethods="7" numMethods="8" />
          <FullName>RESProjekat.Data.CollectionDescription</FullName>
          <Methods>
            <Method visited="false" cyclomaticComplexity="1" nPathComplexity="0" sequenceCoverage="0" branchCoverage="0" isConstructor="false" isStatic="false" isGetter="true" isSetter="false">
              <Summary numSequencePoints="1" visitedSequencePoints="0" numBranchPoints="1" visitedBranchPoints="0" sequenceCoverage="0" branchCoverage="0" maxCyclomaticComplexity="1" minCyclomaticComplexity="1" visitedClasses="0" numClasses="0" visitedMethods="0" numMethods="1" />
              <MetadataToken>100663363</MetadataToken>
              <Name>System.Int32 RESProjekat.Data.CollectionDescription::get_Id()</Name>
              <FileRef uid="12" />
              <SequencePoints>
                <SequencePoint vc="0" uspid="1024" ordinal="0" offset="0" sl="27" sc="32" el="27" ec="34" bec="0" bev="0" fileid="12" />
              </SequencePoints>
              <BranchPoints />
              <MethodPoint xsi:type="SequencePoint" vc="0" uspid="1024" ordinal="0" offset="0" sl="27" sc="32" el="27" ec="34" bec="0" bev="0" fileid="12" />
            </Method>
            <Method visited="true" cyclomaticComplexity="1" nPathComplexity="0" sequenceCoverage="100" branchCoverage="100" isConstructor="false" isStatic="false" isGetter="false" isSetter="true">
              <Summary numSequencePoints="1" visitedSequencePoints="1" numBranchPoints="1" visitedBranchPoints="1" sequenceCoverage="100" branchCoverage="100" maxCyclomaticComplexity="1" minCyclomaticComplexity="1" visitedClasses="0" numClasses="0" visitedMethods="1" numMethods="1" />
              <MetadataToken>100663364</MetadataToken>
              <Name>System.Void RESProjekat.Data.CollectionDescription::set_Id(System.Int32)</Name>
              <FileRef uid="12" />
              <SequencePoints>
                <SequencePoint vc="20" uspid="1025" ordinal="0" offset="0" sl="27" sc="43" el="27" ec="53" bec="0" bev="0" fileid="12" />
              </SequencePoints>
              <BranchPoints />
              <MethodPoint xsi:type="SequencePoint" vc="20" uspid="1025" ordinal="0" offset="0" sl="27" sc="43" el="27" ec="53" bec="0" bev="0" fileid="12" />
            </Method>
            <Method visited="true" cyclomaticComplexity="1" nPathComplexity="0" sequenceCoverage="100" branchCoverage="100" isConstructor="false" isStatic="false" isGetter="true" isSetter="false">
              <Summary numSequencePoints="1" visitedSequencePoints="1" numBranchPoints="1" visitedBranchPoints="1" sequenceCoverage="100" branchCoverage="100" maxCyclomaticComplexity="1" minCyclomaticComplexity="1" visitedClasses="0" numClasses="0" visitedMethods="1" numMethods="1" />
              <MetadataToken>100663365</MetadataToken>
              <Name>RESProjekat.Data.DataSet/DataSetSpisak RESProjekat.Data.CollectionDescription::get_Dataset()</Name>
              <FileRef uid="12" />
              <SequencePoints>
                <SequencePoint vc="13430" uspid="1026" ordinal="0" offset="0" sl="28" sc="55" el="28" ec="62" bec="0" bev="0" fileid="12" />
              </SequencePoints>
              <BranchPoints />
              <MethodPoint xsi:type="SequencePoint" vc="13430" uspid="1026" ordinal="0" offset="0" sl="28" sc="55" el="28" ec="62" bec="0" bev="0" fileid="12" />
            </Method>
            <Method visited="true" cyclomaticComplexity="1" nPathComplexity="0" sequenceCoverage="100" branchCoverage="100" isConstructor="false" isStatic="false" isGetter="false" isSetter="true">
              <Summary numSequencePoints="1" visitedSequencePoints="1" numBranchPoints="1" visitedBranchPoints="1" sequenceCoverage="100" branchCoverage="100" maxCyclomaticComplexity="1" minCyclomaticComplexity="1" visitedClasses="0" numClasses="0" visitedMethods="1" numMethods="1" />
              <MetadataToken>100663366</MetadataToken>
              <Name>System.Void RESProjekat.Data.CollectionDescription::set_Dataset(RESProjekat.Data.DataSet/DataSetSpisak)</Name>
              <FileRef uid="12" />
              <SequencePoints>
                <SequencePoint vc="20" uspid="1027" ordinal="0" offset="0" sl="28" sc="71" el="28" ec="86" bec="0" bev="0" fileid="12" />
              </SequencePoints>
              <BranchPoints />
              <MethodPoint xsi:type="SequencePoint" vc="20" uspid="1027" ordinal="0" offset="0" sl="28" sc="71" el="28" ec="86" bec="0" bev="0" fileid="12" />
            </Method>
            <Method visited="true" cyclomaticComplexity="1" nPathComplexity="0" sequenceCoverage="100" branchCoverage="100" isConstructor="false" isStatic="false" isGetter="true" isSetter="false">
              <Summary numSequencePoints="1" visitedSequencePoints="1" numBranchPoints="1" visitedBranchPoints="1" sequenceCoverage="100" branchCoverage="100" maxCyclomaticComplexity="1" minCyclomaticComplexity="1" visitedClasses="0" numClasses="0" visitedMethods="1" numMethods="1" />
              <MetadataToken>100663367</MetadataToken>
              <Name>RESProjekat.Data.HistoricalCollection RESProjekat.Data.CollectionDescription::get_Hc()</Name>
              <FileRef uid="12" />
              <SequencePoints>
                <SequencePoint vc="7784" uspid="1028" ordinal="0" offset="0" sl="29" sc="49" el="29" ec="51" bec="0" bev="0" fileid="12" />
              </SequencePoints>
              <BranchPoints />
              <MethodPoint xsi:type="SequencePoint" vc="7784" uspid="1028" ordinal="0" offset="0" sl="29" sc="49" el="29" ec="51" bec="0" bev="0" fileid="12" />
            </Method>
            <Method visited="true" cyclomaticComplexity="1" nPathComplexity="0" sequenceCoverage="100" branchCoverage="100" isConstructor="false" isStatic="false" isGetter="false" isSetter="true">
              <Summary numSequencePoints="1" visitedSequencePoints="1" numBranchPoints="1" visitedBranchPoints="1" sequenceCoverage="100" branchCoverage="100" maxCyclomaticComplexity="1" minCyclomaticComplexity="1" visitedClasses="0" numClasses="0" visitedMethods="1" numMethods="1" />
              <MetadataToken>100663368</MetadataToken>
              <Name>System.Void RESProjekat.Data.CollectionDescription::set_Hc(RESProjekat.Data.HistoricalCollection)</Name>
              <FileRef uid="12" />
              <SequencePoints>
                <SequencePoint vc="20" uspid="1029" ordinal="0" offset="0" sl="29" sc="60" el="29" ec="70" bec="0" bev="0" fileid="12" />
              </SequencePoints>
              <BranchPoints />
              <MethodPoint xsi:type="SequencePoint" vc="20" uspid="1029" ordinal="0" offset="0" sl="29" sc="60" el="29" ec="70" bec="0" bev="0" fileid="12" />
            </Method>
            <Method visited="true" cyclomaticComplexity="1" nPathComplexity="0" sequenceCoverage="100" branchCoverage="100" isConstructor="true" isStatic="false" isGetter="false" isSetter="false">
              <Summary numSequencePoints="3" visitedSequencePoints="3" numBranchPoints="1" visitedBranchPoints="1" sequenceCoverage="100" branchCoverage="100" maxCyclomaticComplexity="1" minCyclomaticComplexity="1" visitedClasses="0" numClasses="0" visitedMethods="1" numMethods="1" />
              <MetadataToken>100663361</MetadataToken>
              <Name>System.Void RESProjekat.Data.CollectionDescription::.ctor()</Name>
              <FileRef uid="12" />
              <SequencePoints>
                <SequencePoint vc="20" uspid="1030" ordinal="0" offset="0" sl="15" sc="9" el="15" ec="39" bec="0" bev="0" fileid="12" />
                <SequencePoint vc="20" uspid="1031" ordinal="1" offset="7" sl="16" sc="9" el="16" ec="10" bec="0" bev="0" fileid="12" />
                <SequencePoint vc="20" uspid="1032" ordinal="2" offset="8" sl="17" sc="9" el="17" ec="10" bec="0" bev="0" fileid="12" />
              </SequencePoints>
              <BranchPoints />
              <MethodPoint xsi:type="SequencePoint" vc="20" uspid="1030" ordinal="0" offset="0" sl="15" sc="9" el="15" ec="39" bec="0" bev="0" fileid="12" />
            </Method>
            <Method visited="true" cyclomaticComplexity="1" nPathComplexity="0" sequenceCoverage="100" branchCoverage="100" isConstructor="true" isStatic="false" isGetter="false" isSetter="false">
              <Summary numSequencePoints="6" visitedSequencePoints="6" numBranchPoints="1" visitedBranchPoints="1" sequenceCoverage="100" branchCoverage="100" maxCyclomaticComplexity="1" minCyclomaticComplexity="1" visitedClasses="0" numClasses="0" visitedMethods="1" numMethods="1" />
              <MetadataToken>100663362</MetadataToken>
              <Name>System.Void RESProjekat.Data.CollectionDescription::.ctor(System.Int32,RESProjekat.Data.DataSet/DataSetSpisak,RESProjekat.Data.HistoricalCollection)</Name>
              <FileRef uid="12" />
              <SequencePoints>
                <SequencePoint vc="92" uspid="1033" ordinal="0" offset="0" sl="19" sc="9" el="19" ec="101" bec="0" bev="0" fileid="12" />
                <SequencePoint vc="92" uspid="1034" ordinal="1" offset="7" sl="20" sc="9" el="20" ec="10" bec="0" bev="0" fileid="12" />
                <SequencePoint vc="92" uspid="1035" ordinal="2" offset="8" sl="21" sc="13" el="21" ec="26" bec="0" bev="0" fileid="12" />
                <SequencePoint vc="92" uspid="1036" ordinal="3" offset="15" sl="22" sc="13" el="22" ec="36" bec="0" bev="0" fileid="12" />
                <SequencePoint vc="92" uspid="1037" ordinal="4" offset="22" sl="23" sc="13" el="23" ec="26" bec="0" bev="0" fileid="12" />
                <SequencePoint vc="92" uspid="1038" ordinal="5" offset="29" sl="24" sc="9" el="24" ec="10" bec="0" bev="0" fileid="12" />
              </SequencePoints>
              <BranchPoints />
              <MethodPoint xsi:type="SequencePoint" vc="92" uspid="1033" ordinal="0" offset="0" sl="19" sc="9" el="19" ec="101" bec="0" bev="0" fileid="12" />
            </Method>
          </Methods>
        </Class>
        <Class>
          <Summary numSequencePoints="9" visitedSequencePoints="9" numBranchPoints="4" visitedBranchPoints="4" sequenceCoverage="100" branchCoverage="100" maxCyclomaticComplexity="1" minCyclomaticComplexity="1" visitedClasses="1" numClasses="1" visitedMethods="4" numMethods="4" />
          <FullName>RESProjekat.Data.HistoricalCollection</FullName>
          <Methods>
            <Method visited="true" cyclomaticComplexity="1" nPathComplexity="0" sequenceCoverage="100" branchCoverage="100" isConstructor="false" isStatic="false" isGetter="true" isSetter="false">
              <Summary numSequencePoints="1" visitedSequencePoints="1" numBranchPoints="1" visitedBranchPoints="1" sequenceCoverage="100" branchCoverage="100" maxCyclomaticComplexity="1" minCyclomaticComplexity="1" visitedClasses="0" numClasses="0" visitedMethods="1" numMethods="1" />
              <MetadataToken>100663371</MetadataToken>
              <Name>RESProjekat.Podatak[] RESProjekat.Data.HistoricalCollection::get_ReceiverProperty()</Name>
              <FileRef uid="13" />
              <SequencePoints>
                <SequencePoint vc="7784" uspid="1039" ordinal="0" offset="0" sl="22" sc="52" el="22" ec="68" bec="0" bev="0" fileid="13" />
              </SequencePoints>
              <BranchPoints />
              <MethodPoint xsi:type="SequencePoint" vc="7784" uspid="1039" ordinal="0" offset="0" sl="22" sc="52" el="22" ec="68" bec="0" bev="0" fileid="13" />
            </Method>
            <Method visited="true" cyclomaticComplexity="1" nPathComplexity="0" sequenceCoverage="100" branchCoverage="100" isConstructor="false" isStatic="false" isGetter="false" isSetter="true">
              <Summary numSequencePoints="1" visitedSequencePoints="1" numBranchPoints="1" visitedBranchPoints="1" sequenceCoverage="100" branchCoverage="100" maxCyclomaticComplexity="1" minCyclomaticComplexity="1" visitedClasses="0" numClasses="0" visitedMethods="1" numMethods="1" />
              <MetadataToken>100663372</MetadataToken>
              <Name>System.Void RESProjekat.Data.HistoricalCollection::set_ReceiverProperty(RESProjekat.Podatak[])</Name>
              <FileRef uid="13" />
              <SequencePoints>
                <SequencePoint vc="20" uspid="1040" ordinal="0" offset="0" sl="22" sc="77" el="22" ec="101" bec="0" bev="0" fileid="13" />
              </SequencePoints>
              <BranchPoints />
              <MethodPoint xsi:type="SequencePoint" vc="20" uspid="1040" ordinal="0" offset="0" sl="22" sc="77" el="22" ec="101" bec="0" bev="0" fileid="13" />
            </Method>
            <Method visited="true" cyclomaticComplexity="1" nPathComplexity="0" sequenceCoverage="100" branchCoverage="100" isConstructor="true" isStatic="false" isGetter="false" isSetter="false">
              <Summary numSequencePoints="3" visitedSequencePoints="3" numBranchPoints="1" visitedBranchPoints="1" sequenceCoverage="100" branchCoverage="100" maxCyclomaticComplexity="1" minCyclomaticComplexity="1" visitedClasses="0" numClasses="0" visitedMethods="1" numMethods="1" />
              <MetadataToken>100663369</MetadataToken>
              <Name>System.Void RESProjekat.Data.HistoricalCollection::.ctor()</Name>
              <FileRef uid="13" />
              <SequencePoints>
                <SequencePoint vc="112" uspid="1041" ordinal="0" offset="0" sl="13" sc="9" el="13" ec="38" bec="0" bev="0" fileid="13" />
                <SequencePoint vc="112" uspid="1042" ordinal="1" offset="7" sl="14" sc="9" el="14" ec="10" bec="0" bev="0" fileid="13" />
                <SequencePoint vc="112" uspid="1043" ordinal="2" offset="8" sl="15" sc="9" el="15" ec="10" bec="0" bev="0" fileid="13" />
              </SequencePoints>
              <BranchPoints />
              <MethodPoint xsi:type="SequencePoint" vc="112" uspid="1041" ordinal="0" offset="0" sl="13" sc="9" el="13" ec="38" bec="0" bev="0" fileid="13" />
            </Method>
            <Method visited="true" cyclomaticComplexity="1" nPathComplexity="0" sequenceCoverage="100" branchCoverage="100" isConstructor="true" isStatic="false" isGetter="false" isSetter="false">
              <Summary numSequencePoints="4" visitedSequencePoints="4" numBranchPoints="1" visitedBranchPoints="1" sequenceCoverage="100" branchCoverage="100" maxCyclomaticComplexity="1" minCyclomaticComplexity="1" visitedClasses="0" numClasses="0" visitedMethods="1" numMethods="1" />
              <MetadataToken>100663370</MetadataToken>
              <Name>System.Void RESProjekat.Data.HistoricalCollection::.ctor(RESProjekat.Podatak[])</Name>
              <FileRef uid="13" />
              <SequencePoints>
                <SequencePoint vc="92" uspid="1044" ordinal="0" offset="0" sl="17" sc="9" el="17" ec="49" bec="0" bev="0" fileid="13" />
                <SequencePoint vc="92" uspid="1045" ordinal="1" offset="7" sl="18" sc="9" el="18" ec="10" bec="0" bev="0" fileid="13" />
                <SequencePoint vc="92" uspid="1046" ordinal="2" offset="8" sl="19" sc="13" el="19" ec="39" bec="0" bev="0" fileid="13" />
                <SequencePoint vc="92" uspid="1047" ordinal="3" offset="15" sl="20" sc="9" el="20" ec="10" bec="0" bev="0" fileid="13" />
              </SequencePoints>
              <BranchPoints />
              <MethodPoint xsi:type="SequencePoint" vc="92" uspid="1044" ordinal="0" offset="0" sl="17" sc="9" el="17" ec="49" bec="0" bev="0" fileid="13" />
            </Method>
          </Methods>
        </Class>
        <Class>
          <Summary numSequencePoints="0" visitedSequencePoints="0" numBranchPoints="0" visitedBranchPoints="0" sequenceCoverage="0" branchCoverage="0" maxCyclomaticComplexity="3" minCyclomaticComplexity="3" visitedClasses="0" numClasses="0" visitedMethods="0" numMethods="0" />
          <FullName>&lt;PrivateImplementationDetails&gt;</FullName>
          <Methods>
            <Method visited="true" cyclomaticComplexity="3" nPathComplexity="0" sequenceCoverage="0" branchCoverage="0" isConstructor="false" isStatic="true" isGetter="false" isSetter="false">
              <Summary numSequencePoints="0" visitedSequencePoints="0" numBranchPoints="0" visitedBranchPoints="0" sequenceCoverage="0" branchCoverage="0" maxCyclomaticComplexity="3" minCyclomaticComplexity="3" visitedClasses="0" numClasses="0" visitedMethods="0" numMethods="0" />
              <MetadataToken>100663373</MetadataToken>
              <Name>System.UInt32 &lt;PrivateImplementationDetails&gt;::ComputeStringHash(System.String)</Name>
              <SequencePoints />
              <BranchPoints />
              <MethodPoint vc="8" uspid="1048" ordinal="0" offset="0" />
            </Method>
          </Methods>
        </Class>
      </Classes>
    </Module>
  </Modules>
</CoverageSession>